{"/home/ykut/Documents/Andela/C28/new2/e-comm-team-techsmith-bn/src/server.js":{"path":"/home/ykut/Documents/Andela/C28/new2/e-comm-team-techsmith-bn/src/server.js","statementMap":{"0":{"start":{"line":3,"column":29},"end":{"line":3,"column":84}},"1":{"start":{"line":4,"column":0},"end":{"line":6,"column":3}},"2":{"start":{"line":7,"column":0},"end":{"line":7,"column":28}},"3":{"start":{"line":8,"column":19},"end":{"line":8,"column":80}},"4":{"start":{"line":9,"column":25},"end":{"line":9,"column":99}},"5":{"start":{"line":10,"column":15},"end":{"line":10,"column":57}},"6":{"start":{"line":11,"column":18},"end":{"line":11,"column":64}},"7":{"start":{"line":12,"column":14},"end":{"line":12,"column":55}},"8":{"start":{"line":13,"column":12},"end":{"line":13,"column":51}},"9":{"start":{"line":14,"column":17},"end":{"line":14,"column":73}},"10":{"start":{"line":15,"column":13},"end":{"line":15,"column":75}},"11":{"start":{"line":19,"column":0},"end":{"line":19,"column":28}},"12":{"start":{"line":20,"column":10},"end":{"line":20,"column":36}},"13":{"start":{"line":21,"column":0},"end":{"line":21,"column":39}},"14":{"start":{"line":22,"column":0},"end":{"line":24,"column":4}},"15":{"start":{"line":25,"column":0},"end":{"line":25,"column":33}},"16":{"start":{"line":26,"column":0},"end":{"line":26,"column":39}},"17":{"start":{"line":27,"column":19},"end":{"line":27,"column":30}},"18":{"start":{"line":28,"column":9},"end":{"line":28,"column":26}},"19":{"start":{"line":29,"column":13},"end":{"line":29,"column":34}},"20":{"start":{"line":30,"column":25},"end":{"line":55,"column":3}},"21":{"start":{"line":31,"column":13},"end":{"line":51,"column":5}},"22":{"start":{"line":32,"column":4},"end":{"line":50,"column":32}},"23":{"start":{"line":33,"column":6},"end":{"line":49,"column":7}},"24":{"start":{"line":33,"column":16},"end":{"line":49,"column":7}},"25":{"start":{"line":35,"column":10},"end":{"line":35,"column":28}},"26":{"start":{"line":36,"column":10},"end":{"line":36,"column":28}},"27":{"start":{"line":37,"column":10},"end":{"line":37,"column":60}},"28":{"start":{"line":39,"column":10},"end":{"line":39,"column":72}},"29":{"start":{"line":40,"column":10},"end":{"line":40,"column":28}},"30":{"start":{"line":41,"column":10},"end":{"line":41,"column":16}},"31":{"start":{"line":43,"column":10},"end":{"line":43,"column":28}},"32":{"start":{"line":44,"column":10},"end":{"line":44,"column":45}},"33":{"start":{"line":45,"column":10},"end":{"line":45,"column":64}},"34":{"start":{"line":48,"column":10},"end":{"line":48,"column":33}},"35":{"start":{"line":52,"column":2},"end":{"line":54,"column":4}},"36":{"start":{"line":53,"column":4},"end":{"line":53,"column":39}},"37":{"start":{"line":56,"column":0},"end":{"line":65,"column":1}},"38":{"start":{"line":57,"column":2},"end":{"line":61,"column":5}},"39":{"start":{"line":59,"column":4},"end":{"line":59,"column":12}},"40":{"start":{"line":60,"column":4},"end":{"line":60,"column":58}},"41":{"start":{"line":64,"column":2},"end":{"line":64,"column":21}},"42":{"start":{"line":66,"column":15},"end":{"line":66,"column":18}},"43":{"start":{"line":67,"column":0},"end":{"line":67,"column":30}}},"fnMap":{"0":{"name":"(anonymous_0)","decl":{"start":{"line":30,"column":25},"end":{"line":30,"column":26}},"loc":{"start":{"line":30,"column":37},"end":{"line":55,"column":1}},"line":30},"1":{"name":"_callee","decl":{"start":{"line":31,"column":100},"end":{"line":31,"column":107}},"loc":{"start":{"line":31,"column":110},"end":{"line":51,"column":3}},"line":31},"2":{"name":"_callee$","decl":{"start":{"line":32,"column":49},"end":{"line":32,"column":57}},"loc":{"start":{"line":32,"column":68},"end":{"line":50,"column":5}},"line":32},"3":{"name":"dbCon","decl":{"start":{"line":52,"column":18},"end":{"line":52,"column":23}},"loc":{"start":{"line":52,"column":26},"end":{"line":54,"column":3}},"line":52},"4":{"name":"(anonymous_4)","decl":{"start":{"line":57,"column":19},"end":{"line":57,"column":20}},"loc":{"start":{"line":57,"column":31},"end":{"line":61,"column":3}},"line":57}},"branchMap":{"0":{"loc":{"start":{"line":33,"column":16},"end":{"line":49,"column":7}},"type":"switch","locations":[{"start":{"line":34,"column":8},"end":{"line":37,"column":60}},{"start":{"line":38,"column":8},"end":{"line":41,"column":16}},{"start":{"line":42,"column":8},"end":{"line":45,"column":64}},{"start":{"line":46,"column":8},"end":{"line":46,"column":15}},{"start":{"line":47,"column":8},"end":{"line":48,"column":33}}],"line":33}},"s":{"0":1,"1":1,"2":1,"3":1,"4":1,"5":1,"6":1,"7":1,"8":1,"9":1,"10":1,"11":1,"12":1,"13":1,"14":1,"15":1,"16":1,"17":1,"18":1,"19":1,"20":1,"21":1,"22":1,"23":2,"24":3,"25":1,"26":1,"27":1,"28":1,"29":1,"30":1,"31":0,"32":0,"33":0,"34":1,"35":1,"36":1,"37":1,"38":1,"39":1,"40":1,"41":0,"42":1,"43":1},"f":{"0":1,"1":1,"2":2,"3":1,"4":1},"b":{"0":[1,1,0,1,1]},"inputSourceMap":{"version":3,"names":["_express","_interopRequireDefault","require","_bodyParser","_dotenv","_cors","_allRoutes","_index","dotenv","config","app","express","use","bodyParser","json","urlencoded","extended","cors","allRoutes","_process$env","process","env","PORT","NODE_ENV","dbCon","_ref","_asyncToGenerator2","_regenerator","mark","_callee","wrap","_callee$","_context","prev","next","db","sequelize","authenticate","console","log","concat","t0","message","stop","apply","arguments","listen","error","_default","exports"],"sourceRoot":"/home/ykut/Documents/Andela/C28/new2/e-comm-team-techsmith-bn/src/","sources":["server.js"],"sourcesContent":["/* eslint-disable no-console */\nimport express from 'express';\nimport bodyParser from 'body-parser';\nimport dotenv from 'dotenv';\nimport cors from 'cors';\nimport allRoutes from './routes/allRoutes.js';\nimport db from '../database/models/index.js';\n// CONFIGURE DOTENV\ndotenv.config();\n\nconst app = express();\n\napp.use(bodyParser.json());\napp.use(bodyParser.urlencoded({ extended: true }));\napp.use(cors());\napp.use('/api', allRoutes);\n\nconst { PORT, NODE_ENV } = process.env;\n\nconst dbCon = async () => {\n  try {\n    await db.sequelize.authenticate();\n    console.log(`DB connected successfully on ${NODE_ENV}`);\n  } catch (error) {\n    console.log(`db error: ${error.message}`);\n  }\n};\n\ntry {\n  app.listen(PORT, () => {\n    /* eslint-disable */\n    dbCon()\n    console.log(`Server listening on port:${PORT}`);\n  });\n} catch (error) {\n  /* eslint-disable */\n  console.log(error);\n}\n\nexport default app;"],"mappings":";;;;;;;;;AACA,IAAAA,QAAA,GAAAC,sBAAA,CAAAC,OAAA;AACA,IAAAC,WAAA,GAAAF,sBAAA,CAAAC,OAAA;AACA,IAAAE,OAAA,GAAAH,sBAAA,CAAAC,OAAA;AACA,IAAAG,KAAA,GAAAJ,sBAAA,CAAAC,OAAA;AACA,IAAAI,UAAA,GAAAL,sBAAA,CAAAC,OAAA;AACA,IAAAK,MAAA,GAAAN,sBAAA,CAAAC,OAAA;AANA;;AAOA;AACAM,kBAAM,CAACC,MAAM,EAAE;AAEf,IAAMC,GAAG,GAAG,IAAAC,mBAAO,GAAE;AAErBD,GAAG,CAACE,GAAG,CAACC,sBAAU,CAACC,IAAI,EAAE,CAAC;AAC1BJ,GAAG,CAACE,GAAG,CAACC,sBAAU,CAACE,UAAU,CAAC;EAAEC,QAAQ,EAAE;AAAK,CAAC,CAAC,CAAC;AAClDN,GAAG,CAACE,GAAG,CAAC,IAAAK,gBAAI,GAAE,CAAC;AACfP,GAAG,CAACE,GAAG,CAAC,MAAM,EAAEM,qBAAS,CAAC;AAE1B,IAAAC,YAAA,GAA2BC,OAAO,CAACC,GAAG;EAA9BC,IAAI,GAAAH,YAAA,CAAJG,IAAI;EAAEC,QAAQ,GAAAJ,YAAA,CAARI,QAAQ;AAEtB,IAAMC,KAAK;EAAA,IAAAC,IAAA,OAAAC,kBAAA,2BAAAC,YAAA,YAAAC,IAAA,CAAG,SAAAC,QAAA;IAAA,OAAAF,YAAA,YAAAG,IAAA,UAAAC,SAAAC,QAAA;MAAA,kBAAAA,QAAA,CAAAC,IAAA,GAAAD,QAAA,CAAAE,IAAA;QAAA;UAAAF,QAAA,CAAAC,IAAA;UAAAD,QAAA,CAAAE,IAAA;UAAA,OAEJC,iBAAE,CAACC,SAAS,CAACC,YAAY,EAAE;QAAA;UACjCC,OAAO,CAACC,GAAG,iCAAAC,MAAA,CAAiCjB,QAAQ,EAAG;UAACS,QAAA,CAAAE,IAAA;UAAA;QAAA;UAAAF,QAAA,CAAAC,IAAA;UAAAD,QAAA,CAAAS,EAAA,GAAAT,QAAA;UAExDM,OAAO,CAACC,GAAG,cAAAC,MAAA,CAAcR,QAAA,CAAAS,EAAA,CAAMC,OAAO,EAAG;QAAC;QAAA;UAAA,OAAAV,QAAA,CAAAW,IAAA;MAAA;IAAA,GAAAd,OAAA;EAAA,CAE7C;EAAA,gBAPKL,KAAKA,CAAA;IAAA,OAAAC,IAAA,CAAAmB,KAAA,OAAAC,SAAA;EAAA;AAAA,GAOV;AAED,IAAI;EACFnC,GAAG,CAACoC,MAAM,CAACxB,IAAI,EAAE,YAAM;IACrB;IACAE,KAAK,EAAE;IACPc,OAAO,CAACC,GAAG,6BAAAC,MAAA,CAA6BlB,IAAI,EAAG;EACjD,CAAC,CAAC;AACJ,CAAC,CAAC,OAAOyB,KAAK,EAAE;EACd;EACAT,OAAO,CAACC,GAAG,CAACQ,KAAK,CAAC;AACpB;AAAC,IAAAC,QAAA,GAEctC,GAAG;AAAAuC,OAAA,cAAAD,QAAA"},"_coverageSchema":"1a1c01bbd47fc00a2c39e90264f33305004495a9","hash":"954a8df2a5facb4f0a84d98091e434f59fc04665","contentHash":"2e1db4deeb2785aeaa085783a8fcf523e8aeaf2b29773f5625e763d98d52d04b"},"/home/ykut/Documents/Andela/C28/new2/e-comm-team-techsmith-bn/src/routes/allRoutes.js":{"path":"/home/ykut/Documents/Andela/C28/new2/e-comm-team-techsmith-bn/src/routes/allRoutes.js","statementMap":{"0":{"start":{"line":3,"column":29},"end":{"line":3,"column":84}},"1":{"start":{"line":4,"column":0},"end":{"line":6,"column":3}},"2":{"start":{"line":7,"column":0},"end":{"line":7,"column":28}},"3":{"start":{"line":8,"column":15},"end":{"line":8,"column":57}},"4":{"start":{"line":9,"column":20},"end":{"line":9,"column":72}},"5":{"start":{"line":10,"column":17},"end":{"line":10,"column":66}},"6":{"start":{"line":11,"column":19},"end":{"line":11,"column":70}},"7":{"start":{"line":12,"column":18},"end":{"line":12,"column":68}},"8":{"start":{"line":14,"column":13},"end":{"line":14,"column":41}},"9":{"start":{"line":17,"column":0},"end":{"line":17,"column":46}},"10":{"start":{"line":18,"column":0},"end":{"line":18,"column":44}},"11":{"start":{"line":19,"column":0},"end":{"line":19,"column":52}},"12":{"start":{"line":20,"column":0},"end":{"line":20,"column":45}},"13":{"start":{"line":21,"column":15},"end":{"line":21,"column":21}},"14":{"start":{"line":22,"column":0},"end":{"line":22,"column":30}}},"fnMap":{},"branchMap":{},"s":{"0":1,"1":1,"2":1,"3":1,"4":1,"5":1,"6":1,"7":1,"8":1,"9":1,"10":1,"11":1,"12":1,"13":1,"14":1},"f":{},"b":{},"inputSourceMap":{"version":3,"names":["_express","_interopRequireDefault","require","_swaggerRoute","_userRoute","_sampleRoute","_loginRoute","router","express","Router","use","swaggerRoute","userRoute","sampleRoute","loginRoute","_default","exports"],"sourceRoot":"/home/ykut/Documents/Andela/C28/new2/e-comm-team-techsmith-bn/src/routes/","sources":["allRoutes.js"],"sourcesContent":["import express from 'express';\nimport swaggerRoute from './swaggerRoute.js';\nimport userRoute from './userRoute.js';\nimport sampleRoute from './sampleRoute.js';\nimport loginRoute from './loginRoute.js';\n\n// SETUP ROUTER\nconst router = express.Router();\n\n// SETUP ROUTES\nrouter.use('/docs', swaggerRoute);\nrouter.use('/users', userRoute);\nrouter.use('/sample_test', sampleRoute);\nrouter.use('/login', loginRoute);\n\nexport default router;\n"],"mappings":";;;;;;;AAAA,IAAAA,QAAA,GAAAC,sBAAA,CAAAC,OAAA;AACA,IAAAC,aAAA,GAAAF,sBAAA,CAAAC,OAAA;AACA,IAAAE,UAAA,GAAAH,sBAAA,CAAAC,OAAA;AACA,IAAAG,YAAA,GAAAJ,sBAAA,CAAAC,OAAA;AACA,IAAAI,WAAA,GAAAL,sBAAA,CAAAC,OAAA;AAEA;AACA,IAAMK,MAAM,GAAGC,mBAAO,CAACC,MAAM,EAAE;;AAE/B;AACAF,MAAM,CAACG,GAAG,CAAC,OAAO,EAAEC,wBAAY,CAAC;AACjCJ,MAAM,CAACG,GAAG,CAAC,QAAQ,EAAEE,qBAAS,CAAC;AAC/BL,MAAM,CAACG,GAAG,CAAC,cAAc,EAAEG,uBAAW,CAAC;AACvCN,MAAM,CAACG,GAAG,CAAC,QAAQ,EAAEI,sBAAU,CAAC;AAAC,IAAAC,QAAA,GAElBR,MAAM;AAAAS,OAAA,cAAAD,QAAA"},"_coverageSchema":"1a1c01bbd47fc00a2c39e90264f33305004495a9","hash":"9c8892960b2e9f3e33fb23adf60fdbba57d5ca91","contentHash":"14cdbeb35ea73502024aacfec9a640ef2d224e83c840d3ed93ccfad93d775701"},"/home/ykut/Documents/Andela/C28/new2/e-comm-team-techsmith-bn/src/routes/swaggerRoute.js":{"path":"/home/ykut/Documents/Andela/C28/new2/e-comm-team-techsmith-bn/src/routes/swaggerRoute.js","statementMap":{"0":{"start":{"line":3,"column":29},"end":{"line":3,"column":84}},"1":{"start":{"line":4,"column":0},"end":{"line":6,"column":3}},"2":{"start":{"line":7,"column":0},"end":{"line":7,"column":28}},"3":{"start":{"line":8,"column":15},"end":{"line":8,"column":57}},"4":{"start":{"line":9,"column":24},"end":{"line":9,"column":77}},"5":{"start":{"line":10,"column":20},"end":{"line":10,"column":68}},"6":{"start":{"line":11,"column":13},"end":{"line":11,"column":64}},"7":{"start":{"line":14,"column":13},"end":{"line":14,"column":41}},"8":{"start":{"line":18,"column":0},"end":{"line":18,"column":138}},"9":{"start":{"line":19,"column":15},"end":{"line":19,"column":21}},"10":{"start":{"line":20,"column":0},"end":{"line":20,"column":30}}},"fnMap":{},"branchMap":{},"s":{"0":1,"1":1,"2":1,"3":1,"4":1,"5":1,"6":1,"7":1,"8":1,"9":1,"10":1},"f":{},"b":{},"inputSourceMap":{"version":3,"names":["_express","_interopRequireDefault","require","_swaggerUiExpress","_swaggerJsdoc","_index","router","express","Router","use","swaggerUI","serve","setup","swaggerJsDoc","options","_default","exports"],"sourceRoot":"/home/ykut/Documents/Andela/C28/new2/e-comm-team-techsmith-bn/src/routes/","sources":["swaggerRoute.js"],"sourcesContent":["import express from 'express';\nimport swaggerUI from 'swagger-ui-express';\nimport swaggerJsDoc from 'swagger-jsdoc';\nimport options from '../docs/index.js';\n\n// SETUP ROUTER\n\nconst router = express.Router();\n\n// SETUP SWAGGER\n\nrouter.use('/', swaggerUI.serve, swaggerUI.setup(swaggerJsDoc(options)));\n\nexport default router;\n"],"mappings":";;;;;;;AAAA,IAAAA,QAAA,GAAAC,sBAAA,CAAAC,OAAA;AACA,IAAAC,iBAAA,GAAAF,sBAAA,CAAAC,OAAA;AACA,IAAAE,aAAA,GAAAH,sBAAA,CAAAC,OAAA;AACA,IAAAG,MAAA,GAAAJ,sBAAA,CAAAC,OAAA;AAEA;;AAEA,IAAMI,MAAM,GAAGC,mBAAO,CAACC,MAAM,EAAE;;AAE/B;;AAEAF,MAAM,CAACG,GAAG,CAAC,GAAG,EAAEC,4BAAS,CAACC,KAAK,EAAED,4BAAS,CAACE,KAAK,CAAC,IAAAC,wBAAY,EAACC,iBAAO,CAAC,CAAC,CAAC;AAAC,IAAAC,QAAA,GAE1DT,MAAM;AAAAU,OAAA,cAAAD,QAAA"},"_coverageSchema":"1a1c01bbd47fc00a2c39e90264f33305004495a9","hash":"3afb68bc07336cccbac68c24960477c8e8fb1053","contentHash":"71d125dbd2d4236cf3b26246cb9bb57a607a3337019bc4d061c905601d35a07f"},"/home/ykut/Documents/Andela/C28/new2/e-comm-team-techsmith-bn/src/docs/index.js":{"path":"/home/ykut/Documents/Andela/C28/new2/e-comm-team-techsmith-bn/src/docs/index.js","statementMap":{"0":{"start":{"line":3,"column":29},"end":{"line":3,"column":84}},"1":{"start":{"line":4,"column":0},"end":{"line":6,"column":3}},"2":{"start":{"line":7,"column":0},"end":{"line":7,"column":28}},"3":{"start":{"line":8,"column":15},"end":{"line":8,"column":62}},"4":{"start":{"line":9,"column":12},"end":{"line":9,"column":56}},"5":{"start":{"line":10,"column":13},"end":{"line":10,"column":58}},"6":{"start":{"line":11,"column":18},"end":{"line":11,"column":68}},"7":{"start":{"line":12,"column":14},"end":{"line":41,"column":1}},"8":{"start":{"line":42,"column":15},"end":{"line":42,"column":22}},"9":{"start":{"line":43,"column":0},"end":{"line":43,"column":30}}},"fnMap":{},"branchMap":{},"s":{"0":1,"1":1,"2":1,"3":1,"4":1,"5":1,"6":1,"7":1,"8":1,"9":1},"f":{},"b":{},"inputSourceMap":{"version":3,"names":["_servers","_interopRequireDefault","require","_tags","_paths","_components","options","definition","openapi","info","title","description","version","contact","name","email","url","servers","tags","components","paths","apis","_default","exports"],"sourceRoot":"/home/ykut/Documents/Andela/C28/new2/e-comm-team-techsmith-bn/src/docs/","sources":["index.js"],"sourcesContent":["import servers from './servers.js';\nimport tags from './tags.js';\nimport paths from './paths.js';\nimport components from './components.js';\n\nconst options = {\n  definition: {\n    openapi: '3.0.3', // Present supported openapi version\n    info: {\n      title: 'Techsmiths E-Commerce', // Title (required)\n      description: 'Docs for Techsmiths E-Commerce', // Description (required)\n      version: '1.0.0', // Version (required)\n      contact: {\n        name: 'Techsmiths', // Name of the author\n        email: '', // Email of the author\n        url: '', // Website of the author\n      },\n    },\n    servers, // Servers imported from src/docs/servers.js\n    tags, // Tags imported from src/docs/tags.js\n    components, // Components imported from src/docs/components.js,\n    paths,\n  },\n  apis: ['../routes/*.js', '../docs/**/*.js'], // Path to the API docs\n};\n\nexport default options;\n"],"mappings":";;;;;;;AAAA,IAAAA,QAAA,GAAAC,sBAAA,CAAAC,OAAA;AACA,IAAAC,KAAA,GAAAF,sBAAA,CAAAC,OAAA;AACA,IAAAE,MAAA,GAAAH,sBAAA,CAAAC,OAAA;AACA,IAAAG,WAAA,GAAAJ,sBAAA,CAAAC,OAAA;AAEA,IAAMI,OAAO,GAAG;EACdC,UAAU,EAAE;IACVC,OAAO,EAAE,OAAO;IAAE;IAClBC,IAAI,EAAE;MACJC,KAAK,EAAE,uBAAuB;MAAE;MAChCC,WAAW,EAAE,gCAAgC;MAAE;MAC/CC,OAAO,EAAE,OAAO;MAAE;MAClBC,OAAO,EAAE;QACPC,IAAI,EAAE,YAAY;QAAE;QACpBC,KAAK,EAAE,EAAE;QAAE;QACXC,GAAG,EAAE,EAAE,CAAE;MACX;IACF,CAAC;;IACDC,OAAO,EAAPA,mBAAO;IAAE;IACTC,IAAI,EAAJA,gBAAI;IAAE;IACNC,UAAU,EAAVA,sBAAU;IAAE;IACZC,KAAK,EAALA;EACF,CAAC;EACDC,IAAI,EAAE,CAAC,gBAAgB,EAAE,iBAAiB,CAAC,CAAE;AAC/C,CAAC;AAAC,IAAAC,QAAA,GAEahB,OAAO;AAAAiB,OAAA,cAAAD,QAAA"},"_coverageSchema":"1a1c01bbd47fc00a2c39e90264f33305004495a9","hash":"67871775ce07d472ca1922f2e4fcc9b392f3c251","contentHash":"7be9b01b5a22506463d497667924a6bcad38674bf24f5c3d99f21d9e1032cc9e"},"/home/ykut/Documents/Andela/C28/new2/e-comm-team-techsmith-bn/src/docs/servers.js":{"path":"/home/ykut/Documents/Andela/C28/new2/e-comm-team-techsmith-bn/src/docs/servers.js","statementMap":{"0":{"start":{"line":3,"column":29},"end":{"line":3,"column":84}},"1":{"start":{"line":4,"column":0},"end":{"line":6,"column":3}},"2":{"start":{"line":7,"column":0},"end":{"line":7,"column":28}},"3":{"start":{"line":8,"column":14},"end":{"line":8,"column":55}},"4":{"start":{"line":9,"column":0},"end":{"line":9,"column":28}},"5":{"start":{"line":10,"column":11},"end":{"line":10,"column":27}},"6":{"start":{"line":11,"column":14},"end":{"line":17,"column":2}},"7":{"start":{"line":18,"column":15},"end":{"line":18,"column":22}},"8":{"start":{"line":19,"column":0},"end":{"line":19,"column":30}}},"fnMap":{},"branchMap":{},"s":{"0":1,"1":1,"2":1,"3":1,"4":1,"5":1,"6":1,"7":1,"8":1},"f":{},"b":{},"inputSourceMap":{"version":3,"names":["_dotenv","_interopRequireDefault","require","dotenv","config","PORT","process","env","servers","url","concat","description","_default","exports"],"sourceRoot":"/home/ykut/Documents/Andela/C28/new2/e-comm-team-techsmith-bn/src/docs/","sources":["servers.js"],"sourcesContent":["import dotenv from 'dotenv';\n\ndotenv.config();\n\nconst { PORT } = process.env;\nconst servers = [\n  {\n    url: `http://localhost:${PORT}/api`,\n    description: 'Local server',\n  },\n  {\n    url: 'https://e-comm-team-techsmith-bn-staging.onrender.com/api/',\n    description: 'Production server',\n  },\n];\n\nexport default servers;\n"],"mappings":";;;;;;;AAAA,IAAAA,OAAA,GAAAC,sBAAA,CAAAC,OAAA;AAEAC,kBAAM,CAACC,MAAM,EAAE;AAEf,IAAQC,IAAI,GAAKC,OAAO,CAACC,GAAG,CAApBF,IAAI;AACZ,IAAMG,OAAO,GAAG,CACd;EACEC,GAAG,sBAAAC,MAAA,CAAsBL,IAAI,SAAM;EACnCM,WAAW,EAAE;AACf,CAAC,EACD;EACEF,GAAG,EAAE,4DAA4D;EACjEE,WAAW,EAAE;AACf,CAAC,CACF;AAAC,IAAAC,QAAA,GAEaJ,OAAO;AAAAK,OAAA,cAAAD,QAAA"},"_coverageSchema":"1a1c01bbd47fc00a2c39e90264f33305004495a9","hash":"08738cbaa21395f7d83f518dffcebbd78ec84fcf","contentHash":"31321a014eda56b1f97a9464e82a723436b761a776a58bdcde86396d017aef5f"},"/home/ykut/Documents/Andela/C28/new2/e-comm-team-techsmith-bn/src/docs/tags.js":{"path":"/home/ykut/Documents/Andela/C28/new2/e-comm-team-techsmith-bn/src/docs/tags.js","statementMap":{"0":{"start":{"line":3,"column":0},"end":{"line":5,"column":3}},"1":{"start":{"line":6,"column":0},"end":{"line":6,"column":28}},"2":{"start":{"line":7,"column":11},"end":{"line":13,"column":2}},"3":{"start":{"line":14,"column":15},"end":{"line":14,"column":19}},"4":{"start":{"line":15,"column":0},"end":{"line":15,"column":30}}},"fnMap":{},"branchMap":{},"s":{"0":1,"1":1,"2":1,"3":1,"4":1},"f":{},"b":{},"inputSourceMap":{"version":3,"names":["tags","name","description","_default","exports"],"sourceRoot":"/home/ykut/Documents/Andela/C28/new2/e-comm-team-techsmith-bn/src/docs/","sources":["tags.js"],"sourcesContent":["const tags = [\n  {\n    name: 'Products',\n    description: 'API for products in the E-Commerce app',\n  },\n\n  {\n    name: 'Users',\n    description: 'API for users in the E-Commerce app',\n  },\n];\n\nexport default tags;\n"],"mappings":";;;;;;AAAA,IAAMA,IAAI,GAAG,CACX;EACEC,IAAI,EAAE,UAAU;EAChBC,WAAW,EAAE;AACf,CAAC,EAED;EACED,IAAI,EAAE,OAAO;EACbC,WAAW,EAAE;AACf,CAAC,CACF;AAAC,IAAAC,QAAA,GAEaH,IAAI;AAAAI,OAAA,cAAAD,QAAA"},"_coverageSchema":"1a1c01bbd47fc00a2c39e90264f33305004495a9","hash":"6b61fae6d2e679c9eda604a8573f97a4bb3f8209","contentHash":"10f22a921c4be2667b97332272d657a982c951fc2b4dfb4c05864a8d05ed8407"},"/home/ykut/Documents/Andela/C28/new2/e-comm-team-techsmith-bn/src/docs/paths.js":{"path":"/home/ykut/Documents/Andela/C28/new2/e-comm-team-techsmith-bn/src/docs/paths.js","statementMap":{"0":{"start":{"line":3,"column":29},"end":{"line":3,"column":84}},"1":{"start":{"line":4,"column":0},"end":{"line":6,"column":3}},"2":{"start":{"line":7,"column":0},"end":{"line":7,"column":28}},"3":{"start":{"line":8,"column":18},"end":{"line":8,"column":73}},"4":{"start":{"line":9,"column":19},"end":{"line":9,"column":78}},"5":{"start":{"line":10,"column":12},"end":{"line":17,"column":1}},"6":{"start":{"line":18,"column":15},"end":{"line":18,"column":20}},"7":{"start":{"line":19,"column":0},"end":{"line":19,"column":30}}},"fnMap":{},"branchMap":{},"s":{"0":1,"1":1,"2":1,"3":1,"4":1,"5":1,"6":1,"7":1},"f":{},"b":{},"inputSourceMap":{"version":3,"names":["_userSignup","_interopRequireDefault","require","_getProducts","paths","get","getProducts","post","registerUser","_default","exports"],"sourceRoot":"/home/ykut/Documents/Andela/C28/new2/e-comm-team-techsmith-bn/src/docs/","sources":["paths.js"],"sourcesContent":["import registerUser from './User/userSignup.js';\nimport getProducts from './Product/getProducts.js';\n\nconst paths = {\n  '/products': {\n    get: getProducts,\n  },\n  '/user/signup': {\n    post: registerUser,\n  },\n};\n\nexport default paths;\n"],"mappings":";;;;;;;AAAA,IAAAA,WAAA,GAAAC,sBAAA,CAAAC,OAAA;AACA,IAAAC,YAAA,GAAAF,sBAAA,CAAAC,OAAA;AAEA,IAAME,KAAK,GAAG;EACZ,WAAW,EAAE;IACXC,GAAG,EAAEC;EACP,CAAC;EACD,cAAc,EAAE;IACdC,IAAI,EAAEC;EACR;AACF,CAAC;AAAC,IAAAC,QAAA,GAEaL,KAAK;AAAAM,OAAA,cAAAD,QAAA"},"_coverageSchema":"1a1c01bbd47fc00a2c39e90264f33305004495a9","hash":"b83dde2a03793a6a19e2fc56d7f5f36533f42069","contentHash":"81cadd37b800f22d2cf7aa5f90b9f4621e78a5aa9c1c7a687b263980ddb8d3d2"},"/home/ykut/Documents/Andela/C28/new2/e-comm-team-techsmith-bn/src/docs/User/userSignup.js":{"path":"/home/ykut/Documents/Andela/C28/new2/e-comm-team-techsmith-bn/src/docs/User/userSignup.js","statementMap":{"0":{"start":{"line":3,"column":0},"end":{"line":5,"column":3}},"1":{"start":{"line":6,"column":0},"end":{"line":6,"column":28}},"2":{"start":{"line":7,"column":19},"end":{"line":83,"column":1}},"3":{"start":{"line":84,"column":15},"end":{"line":84,"column":27}},"4":{"start":{"line":85,"column":0},"end":{"line":85,"column":30}}},"fnMap":{},"branchMap":{},"s":{"0":1,"1":1,"2":1,"3":1,"4":1},"f":{},"b":{},"inputSourceMap":{"version":3,"names":["registerUser","tags","description","operationId","parameters","requestBody","content","schema","$ref","responses","message","_default","exports"],"sourceRoot":"/home/ykut/Documents/Andela/C28/new2/e-comm-team-techsmith-bn/src/docs/User/","sources":["userSignup.js"],"sourcesContent":["const registerUser = {\n  // DEFINITION\n  tags: ['Users'], // REQUIRED\n  description: 'Register a new user', // REQUIRED\n  operationId: 'registerUser', // REQUIRED\n\n  // PARAMETERS\n  parameters: [],\n\n  // REQUEST BODY\n  requestBody: {\n    description: 'Information of the user to be registered', // REQUIRED\n    content: {\n      'application/json': {\n        schema: {\n          $ref: '#/components/schemas/registerUser', // REQUIRED\n        },\n      },\n    },\n  },\n\n  // RESPONSES\n  responses: {\n    // SUCCESS\n    201: {\n      description: 'User was registered successfully', // REQUIRED\n      content: {\n        'application/json': {\n          schema: {\n            $ref: '#/components/schemas/userRegistered', // REQUIRED\n          },\n        },\n      },\n    },\n    // SERVER ERROR\n    500: {\n      description: 'Server error', // REQUIRED\n      content: {\n        'application/json': {\n          schema: {\n            message: 'Server error',\n          },\n        },\n      },\n    },\n    // BAD REQUEST\n    400: {\n      description: 'Bad request', // REQUIRED\n      content: {\n        'application/json': {\n          schema: {\n            message: 'Invalid email or password',\n          },\n        },\n      },\n    },\n    // USER ALREADY EXISTS\n    409: {\n      description: 'User already exists', // REQUIRED\n      content: {\n        'application/json': {\n          schema: {\n            message: 'User already exists',\n          },\n        },\n      },\n    },\n  },\n};\n\nexport default registerUser;\n"],"mappings":";;;;;;AAAA,IAAMA,YAAY,GAAG;EACnB;EACAC,IAAI,EAAE,CAAC,OAAO,CAAC;EAAE;EACjBC,WAAW,EAAE,qBAAqB;EAAE;EACpCC,WAAW,EAAE,cAAc;EAAE;;EAE7B;EACAC,UAAU,EAAE,EAAE;EAEd;EACAC,WAAW,EAAE;IACXH,WAAW,EAAE,0CAA0C;IAAE;IACzDI,OAAO,EAAE;MACP,kBAAkB,EAAE;QAClBC,MAAM,EAAE;UACNC,IAAI,EAAE,mCAAmC,CAAE;QAC7C;MACF;IACF;EACF,CAAC;;EAED;EACAC,SAAS,EAAE;IACT;IACA,GAAG,EAAE;MACHP,WAAW,EAAE,kCAAkC;MAAE;MACjDI,OAAO,EAAE;QACP,kBAAkB,EAAE;UAClBC,MAAM,EAAE;YACNC,IAAI,EAAE,qCAAqC,CAAE;UAC/C;QACF;MACF;IACF,CAAC;;IACD;IACA,GAAG,EAAE;MACHN,WAAW,EAAE,cAAc;MAAE;MAC7BI,OAAO,EAAE;QACP,kBAAkB,EAAE;UAClBC,MAAM,EAAE;YACNG,OAAO,EAAE;UACX;QACF;MACF;IACF,CAAC;IACD;IACA,GAAG,EAAE;MACHR,WAAW,EAAE,aAAa;MAAE;MAC5BI,OAAO,EAAE;QACP,kBAAkB,EAAE;UAClBC,MAAM,EAAE;YACNG,OAAO,EAAE;UACX;QACF;MACF;IACF,CAAC;IACD;IACA,GAAG,EAAE;MACHR,WAAW,EAAE,qBAAqB;MAAE;MACpCI,OAAO,EAAE;QACP,kBAAkB,EAAE;UAClBC,MAAM,EAAE;YACNG,OAAO,EAAE;UACX;QACF;MACF;IACF;EACF;AACF,CAAC;AAAC,IAAAC,QAAA,GAEaX,YAAY;AAAAY,OAAA,cAAAD,QAAA"},"_coverageSchema":"1a1c01bbd47fc00a2c39e90264f33305004495a9","hash":"820375ad63eb6702d934ddbfb73c369bc3cd72f9","contentHash":"221e14650242ec974a3f0da7a7ea430f5942622ea5f2c41b8842afafb11143e5"},"/home/ykut/Documents/Andela/C28/new2/e-comm-team-techsmith-bn/src/docs/Product/getProducts.js":{"path":"/home/ykut/Documents/Andela/C28/new2/e-comm-team-techsmith-bn/src/docs/Product/getProducts.js","statementMap":{"0":{"start":{"line":3,"column":0},"end":{"line":5,"column":3}},"1":{"start":{"line":6,"column":0},"end":{"line":6,"column":28}},"2":{"start":{"line":7,"column":18},"end":{"line":46,"column":1}},"3":{"start":{"line":47,"column":15},"end":{"line":47,"column":26}},"4":{"start":{"line":48,"column":0},"end":{"line":48,"column":30}}},"fnMap":{},"branchMap":{},"s":{"0":1,"1":1,"2":1,"3":1,"4":1},"f":{},"b":{},"inputSourceMap":{"version":3,"names":["getProducts","tags","description","operationId","parameters","requestBody","responses","content","schema","$ref","_default","exports"],"sourceRoot":"/home/ykut/Documents/Andela/C28/new2/e-comm-team-techsmith-bn/src/docs/Product/","sources":["getProducts.js"],"sourcesContent":["const getProducts = {\n  // DEFINITION\n  tags: ['Products'], // REQUIRED\n  description: 'Get all products', // REQUIRED\n  operationId: 'getProducts', // REQUIRED\n\n  // PARAMETERS\n  parameters: [],\n\n  // REQUEST BODY\n  requestBody: {},\n\n  // RESPONSES\n  responses: {\n    // SUCCESS\n    200: {\n      description: 'Products were obtained', // REQUIRED\n      content: {\n        'application/json': {\n          schema: {\n            $ref: '#/components/schemas/Product',\n          },\n        }, // REQUIRED\n      }, // REQUIRED\n    },\n\n    // ERROR\n    500: {\n      description: 'Server error', // REQUIRED\n      content: {\n        'application/json': {\n          schema: {}, // EMPTY SCHEMA\n        }, // REQUIRED\n      }, // REQUIRED\n    },\n  }, // REQUIRED\n};\n\nexport default getProducts;\n"],"mappings":";;;;;;AAAA,IAAMA,WAAW,GAAG;EAClB;EACAC,IAAI,EAAE,CAAC,UAAU,CAAC;EAAE;EACpBC,WAAW,EAAE,kBAAkB;EAAE;EACjCC,WAAW,EAAE,aAAa;EAAE;;EAE5B;EACAC,UAAU,EAAE,EAAE;EAEd;EACAC,WAAW,EAAE,CAAC,CAAC;EAEf;EACAC,SAAS,EAAE;IACT;IACA,GAAG,EAAE;MACHJ,WAAW,EAAE,wBAAwB;MAAE;MACvCK,OAAO,EAAE;QACP,kBAAkB,EAAE;UAClBC,MAAM,EAAE;YACNC,IAAI,EAAE;UACR;QACF,CAAC,CAAE;MACL,CAAC,CAAE;IACL,CAAC;;IAED;IACA,GAAG,EAAE;MACHP,WAAW,EAAE,cAAc;MAAE;MAC7BK,OAAO,EAAE;QACP,kBAAkB,EAAE;UAClBC,MAAM,EAAE,CAAC,CAAC,CAAE;QACd,CAAC,CAAE;MACL,CAAC,CAAE;IACL;EACF,CAAC,CAAE;AACL,CAAC;AAAC,IAAAE,QAAA,GAEaV,WAAW;AAAAW,OAAA,cAAAD,QAAA"},"_coverageSchema":"1a1c01bbd47fc00a2c39e90264f33305004495a9","hash":"2c98024ba821724b05198d63c415e44eaa28f628","contentHash":"a802d896c2c2230dd91b67ab16c1b4938242af54140c379382d9d08ca9853477"},"/home/ykut/Documents/Andela/C28/new2/e-comm-team-techsmith-bn/src/docs/components.js":{"path":"/home/ykut/Documents/Andela/C28/new2/e-comm-team-techsmith-bn/src/docs/components.js","statementMap":{"0":{"start":{"line":3,"column":0},"end":{"line":5,"column":3}},"1":{"start":{"line":6,"column":0},"end":{"line":6,"column":28}},"2":{"start":{"line":7,"column":17},"end":{"line":171,"column":1}},"3":{"start":{"line":172,"column":15},"end":{"line":172,"column":25}},"4":{"start":{"line":173,"column":0},"end":{"line":173,"column":30}}},"fnMap":{},"branchMap":{},"s":{"0":1,"1":1,"2":1,"3":1,"4":1},"f":{},"b":{},"inputSourceMap":{"version":3,"names":["components","schemas","id","type","description","example","token","name","email","createdAt","updatedAt","Product","properties","_id","$ref","image","__v","UserRegistered","roleId","UserLoggedIn","registerUser","password","role","_default","exports"],"sourceRoot":"/home/ykut/Documents/Andela/C28/new2/e-comm-team-techsmith-bn/src/docs/","sources":["components.js"],"sourcesContent":["const components = {\n  schemas: {\n    /**\n     * REUSABLE SCHEMAS\n     */\n    // ID\n    id: {\n      type: 'number',\n      description:\n        'ID for different modals including products, users, orders, roles, etc.',\n      example: 1,\n    },\n    // TOKEN\n    token: {\n      type: 'string',\n      description: 'Token for authorization',\n      example:\n        'eyJhbGciOiJIUzI1NiIsInR5cCI6IkpXVCJ9.eyJpZCI6Im5pc2hpbXdlc3dhZ2dlcmFnYWluQGdtYWlsLmNvbSIsImlhdCI6MTY4MDI1Mzc1MiwiZXhwIjoxNjgwODU4NTUyfQ.2jVpZ8XB_3ra4vukc8NkdI2aZcTiEoJIzheAsA-fM5U',\n    },\n    // NAME\n    name: {\n      type: 'string',\n      description:\n        'Name of models used in the application, including user, product, category, etc.',\n      example: 'iPhone 12, John Doe, etc.',\n    },\n    // EMAIL\n    email: {\n      type: 'string',\n      description: 'Email of users',\n      example: 'atlp@gmail.com',\n    },\n    // CREATEDAT\n    createdAt: {\n      type: 'string',\n      description: 'Date when the model was created',\n      example: '2021-07-01T12:00:00.000Z',\n    },\n    // UPDATEDAT\n    updatedAt: {\n      type: 'string',\n      description: 'Date when the model was last updated',\n      example: '2021-07-01T12:00:00.000Z',\n    },\n\n    /**\n     *  PRODUCT\n     */\n\n    Product: {\n      type: 'object',\n      properties: {\n        // ID\n        _id: {\n          $ref: '#/components/schemas/id',\n        },\n\n        // NAME\n        name: {\n          type: 'string',\n          description: 'Name of the product',\n          example: 'iPhone 12',\n        },\n\n        // IMAGE\n        image: {\n          type: 'string',\n          description: 'Image of the product',\n          example: 'https://images.unsplash.com/photo-',\n        },\n\n        // CREATEDAT\n        createdAt: {\n          type: 'string',\n          description: 'Date when the product was created',\n          example: '2021-07-01T12:00:00.000Z',\n        },\n\n        // VERSION\n        __v: {\n          type: 'number',\n          description: 'Version of the product',\n          example: 0,\n        },\n      },\n    },\n\n    /**\n     * USER\n     */\n\n    // USER REGISTERED RESPONSE\n    UserRegistered: {\n      type: 'object',\n      properties: {\n        // ID\n        id: {\n          $ref: '#/components/schemas/id',\n        },\n        // NAME\n        name: {\n          $ref: '#/components/schemas/name',\n        },\n        // EMAIL\n        email: {\n          type: 'string',\n          description: 'Email of the user',\n          example: 'atlp@gmail.com',\n        },\n        // ROLE\n        roleId: {\n          $ref: '#/components/schemas/id',\n        },\n        // CREATEDAT\n        createdAt: {\n          $ref: '#/components/schemas/createdAt',\n        },\n        // UPDATEDAT\n        updatedAt: {\n          $ref: '#/components/schemas/updatedAt',\n        },\n      },\n    },\n    // USER LOGIN RESPONSE\n    UserLoggedIn: {\n      type: 'object',\n      properties: {\n        // ID\n        id: {\n          $ref: '#/components/schemas/id',\n        },\n        // NAME\n        name: {\n          $ref: '#/components/schemas/name',\n        },\n        email: {\n          $ref: '#/components/schemas/email',\n        },\n        // ROLE\n        roleId: {\n          $ref: '#/components/schemas/id',\n        },\n        // TOKEN\n        token: {\n          $ref: '#/components/schemas/token',\n        },\n      },\n    },\n    // REGISTER USER\n    registerUser: {\n      type: 'object',\n      properties: {\n        // NAME\n        name: {\n          $ref: '#/components/schemas/name',\n        },\n        // EMAIL\n        email: {\n          $ref: '#/components/schemas/email',\n        },\n        // PASSWORD\n        password: {\n          type: 'string',\n          description: 'Password of the user',\n          example: 'abc123456',\n        },\n        // ROLE\n        role: {\n          $ref: '#/components/schemas/id',\n        },\n      },\n    },\n  },\n};\n\nexport default components;\n"],"mappings":";;;;;;AAAA,IAAMA,UAAU,GAAG;EACjBC,OAAO,EAAE;IACP;AACJ;AACA;IACI;IACAC,EAAE,EAAE;MACFC,IAAI,EAAE,QAAQ;MACdC,WAAW,EACT,wEAAwE;MAC1EC,OAAO,EAAE;IACX,CAAC;IACD;IACAC,KAAK,EAAE;MACLH,IAAI,EAAE,QAAQ;MACdC,WAAW,EAAE,yBAAyB;MACtCC,OAAO,EACL;IACJ,CAAC;IACD;IACAE,IAAI,EAAE;MACJJ,IAAI,EAAE,QAAQ;MACdC,WAAW,EACT,iFAAiF;MACnFC,OAAO,EAAE;IACX,CAAC;IACD;IACAG,KAAK,EAAE;MACLL,IAAI,EAAE,QAAQ;MACdC,WAAW,EAAE,gBAAgB;MAC7BC,OAAO,EAAE;IACX,CAAC;IACD;IACAI,SAAS,EAAE;MACTN,IAAI,EAAE,QAAQ;MACdC,WAAW,EAAE,iCAAiC;MAC9CC,OAAO,EAAE;IACX,CAAC;IACD;IACAK,SAAS,EAAE;MACTP,IAAI,EAAE,QAAQ;MACdC,WAAW,EAAE,sCAAsC;MACnDC,OAAO,EAAE;IACX,CAAC;IAED;AACJ;AACA;;IAEIM,OAAO,EAAE;MACPR,IAAI,EAAE,QAAQ;MACdS,UAAU,EAAE;QACV;QACAC,GAAG,EAAE;UACHC,IAAI,EAAE;QACR,CAAC;QAED;QACAP,IAAI,EAAE;UACJJ,IAAI,EAAE,QAAQ;UACdC,WAAW,EAAE,qBAAqB;UAClCC,OAAO,EAAE;QACX,CAAC;QAED;QACAU,KAAK,EAAE;UACLZ,IAAI,EAAE,QAAQ;UACdC,WAAW,EAAE,sBAAsB;UACnCC,OAAO,EAAE;QACX,CAAC;QAED;QACAI,SAAS,EAAE;UACTN,IAAI,EAAE,QAAQ;UACdC,WAAW,EAAE,mCAAmC;UAChDC,OAAO,EAAE;QACX,CAAC;QAED;QACAW,GAAG,EAAE;UACHb,IAAI,EAAE,QAAQ;UACdC,WAAW,EAAE,wBAAwB;UACrCC,OAAO,EAAE;QACX;MACF;IACF,CAAC;IAED;AACJ;AACA;;IAEI;IACAY,cAAc,EAAE;MACdd,IAAI,EAAE,QAAQ;MACdS,UAAU,EAAE;QACV;QACAV,EAAE,EAAE;UACFY,IAAI,EAAE;QACR,CAAC;QACD;QACAP,IAAI,EAAE;UACJO,IAAI,EAAE;QACR,CAAC;QACD;QACAN,KAAK,EAAE;UACLL,IAAI,EAAE,QAAQ;UACdC,WAAW,EAAE,mBAAmB;UAChCC,OAAO,EAAE;QACX,CAAC;QACD;QACAa,MAAM,EAAE;UACNJ,IAAI,EAAE;QACR,CAAC;QACD;QACAL,SAAS,EAAE;UACTK,IAAI,EAAE;QACR,CAAC;QACD;QACAJ,SAAS,EAAE;UACTI,IAAI,EAAE;QACR;MACF;IACF,CAAC;IACD;IACAK,YAAY,EAAE;MACZhB,IAAI,EAAE,QAAQ;MACdS,UAAU,EAAE;QACV;QACAV,EAAE,EAAE;UACFY,IAAI,EAAE;QACR,CAAC;QACD;QACAP,IAAI,EAAE;UACJO,IAAI,EAAE;QACR,CAAC;QACDN,KAAK,EAAE;UACLM,IAAI,EAAE;QACR,CAAC;QACD;QACAI,MAAM,EAAE;UACNJ,IAAI,EAAE;QACR,CAAC;QACD;QACAR,KAAK,EAAE;UACLQ,IAAI,EAAE;QACR;MACF;IACF,CAAC;IACD;IACAM,YAAY,EAAE;MACZjB,IAAI,EAAE,QAAQ;MACdS,UAAU,EAAE;QACV;QACAL,IAAI,EAAE;UACJO,IAAI,EAAE;QACR,CAAC;QACD;QACAN,KAAK,EAAE;UACLM,IAAI,EAAE;QACR,CAAC;QACD;QACAO,QAAQ,EAAE;UACRlB,IAAI,EAAE,QAAQ;UACdC,WAAW,EAAE,sBAAsB;UACnCC,OAAO,EAAE;QACX,CAAC;QACD;QACAiB,IAAI,EAAE;UACJR,IAAI,EAAE;QACR;MACF;IACF;EACF;AACF,CAAC;AAAC,IAAAS,QAAA,GAEavB,UAAU;AAAAwB,OAAA,cAAAD,QAAA"},"_coverageSchema":"1a1c01bbd47fc00a2c39e90264f33305004495a9","hash":"2c080c6a499762478382311b2d428036b56a073a","contentHash":"f97b83b537025e1ec522d04867a62f9aea8c02735232aa221b5e65555f9b4d79"},"/home/ykut/Documents/Andela/C28/new2/e-comm-team-techsmith-bn/src/routes/userRoute.js":{"path":"/home/ykut/Documents/Andela/C28/new2/e-comm-team-techsmith-bn/src/routes/userRoute.js","statementMap":{"0":{"start":{"line":3,"column":29},"end":{"line":3,"column":84}},"1":{"start":{"line":4,"column":0},"end":{"line":6,"column":3}},"2":{"start":{"line":7,"column":0},"end":{"line":7,"column":28}},"3":{"start":{"line":8,"column":15},"end":{"line":8,"column":57}},"4":{"start":{"line":9,"column":24},"end":{"line":9,"column":92}},"5":{"start":{"line":10,"column":13},"end":{"line":10,"column":41}},"6":{"start":{"line":13,"column":0},"end":{"line":13,"column":53}},"7":{"start":{"line":14,"column":15},"end":{"line":14,"column":21}},"8":{"start":{"line":15,"column":0},"end":{"line":15,"column":30}}},"fnMap":{},"branchMap":{},"s":{"0":1,"1":1,"2":1,"3":1,"4":1,"5":1,"6":1,"7":1,"8":1},"f":{},"b":{},"inputSourceMap":{"version":3,"names":["_express","_interopRequireDefault","require","_signupController","router","express","Router","post","registerUser","_default","exports"],"sourceRoot":"/home/ykut/Documents/Andela/C28/new2/e-comm-team-techsmith-bn/src/routes/","sources":["userRoute.js"],"sourcesContent":["import express from 'express';\nimport registerUser from '../controller/signupController.js';\n\nconst router = express.Router();\n\n// REGISTER NEW USER ROUTE\nrouter.post('/signup', registerUser);\n\nexport default router;\n"],"mappings":";;;;;;;AAAA,IAAAA,QAAA,GAAAC,sBAAA,CAAAC,OAAA;AACA,IAAAC,iBAAA,GAAAF,sBAAA,CAAAC,OAAA;AAEA,IAAME,MAAM,GAAGC,mBAAO,CAACC,MAAM,EAAE;;AAE/B;AACAF,MAAM,CAACG,IAAI,CAAC,SAAS,EAAEC,4BAAY,CAAC;AAAC,IAAAC,QAAA,GAEtBL,MAAM;AAAAM,OAAA,cAAAD,QAAA"},"_coverageSchema":"1a1c01bbd47fc00a2c39e90264f33305004495a9","hash":"61a3c216edb0ecb27cdd44bf067ec83e1365f159","contentHash":"2e1ef041ed4acd98e33e6494ed5b83561795ca557b44e2a19c2359fc5a92f328"},"/home/ykut/Documents/Andela/C28/new2/e-comm-team-techsmith-bn/src/controller/signupController.js":{"path":"/home/ykut/Documents/Andela/C28/new2/e-comm-team-techsmith-bn/src/controller/signupController.js","statementMap":{"0":{"start":{"line":3,"column":29},"end":{"line":3,"column":84}},"1":{"start":{"line":4,"column":0},"end":{"line":6,"column":3}},"2":{"start":{"line":7,"column":0},"end":{"line":7,"column":28}},"3":{"start":{"line":8,"column":19},"end":{"line":8,"column":80}},"4":{"start":{"line":9,"column":32},"end":{"line":9,"column":113}},"5":{"start":{"line":10,"column":25},"end":{"line":10,"column":99}},"6":{"start":{"line":11,"column":14},"end":{"line":11,"column":55}},"7":{"start":{"line":12,"column":20},"end":{"line":12,"column":67}},"8":{"start":{"line":13,"column":13},"end":{"line":13,"column":78}},"9":{"start":{"line":14,"column":22},"end":{"line":14,"column":59}},"10":{"start":{"line":15,"column":14},"end":{"line":15,"column":67}},"11":{"start":{"line":16,"column":16},"end":{"line":16,"column":28}},"12":{"start":{"line":17,"column":11},"end":{"line":17,"column":33}},"13":{"start":{"line":19,"column":0},"end":{"line":19,"column":26}},"14":{"start":{"line":20,"column":13},"end":{"line":20,"column":36}},"15":{"start":{"line":23,"column":32},"end":{"line":131,"column":3}},"16":{"start":{"line":24,"column":13},"end":{"line":127,"column":5}},"17":{"start":{"line":26,"column":4},"end":{"line":126,"column":33}},"18":{"start":{"line":27,"column":6},"end":{"line":125,"column":7}},"19":{"start":{"line":27,"column":16},"end":{"line":125,"column":7}},"20":{"start":{"line":30,"column":10},"end":{"line":30,"column":23}},"21":{"start":{"line":31,"column":10},"end":{"line":31,"column":28}},"22":{"start":{"line":32,"column":10},"end":{"line":32,"column":141}},"23":{"start":{"line":34,"column":10},"end":{"line":34,"column":33}},"24":{"start":{"line":35,"column":10},"end":{"line":35,"column":28}},"25":{"start":{"line":36,"column":10},"end":{"line":36,"column":55}},"26":{"start":{"line":38,"column":10},"end":{"line":38,"column":41}},"27":{"start":{"line":39,"column":10},"end":{"line":39,"column":28}},"28":{"start":{"line":40,"column":10},"end":{"line":44,"column":13}},"29":{"start":{"line":46,"column":10},"end":{"line":46,"column":37}},"30":{"start":{"line":47,"column":10},"end":{"line":50,"column":11}},"31":{"start":{"line":48,"column":12},"end":{"line":48,"column":31}},"32":{"start":{"line":49,"column":12},"end":{"line":49,"column":18}},"33":{"start":{"line":51,"column":10},"end":{"line":54,"column":14}},"34":{"start":{"line":57,"column":10},"end":{"line":57,"column":69}},"35":{"start":{"line":58,"column":10},"end":{"line":58,"column":74}},"36":{"start":{"line":59,"column":10},"end":{"line":59,"column":49}},"37":{"start":{"line":61,"column":10},"end":{"line":64,"column":11}},"38":{"start":{"line":62,"column":12},"end":{"line":62,"column":31}},"39":{"start":{"line":63,"column":12},"end":{"line":63,"column":18}},"40":{"start":{"line":65,"column":10},"end":{"line":65,"column":29}},"41":{"start":{"line":66,"column":10},"end":{"line":72,"column":13}},"42":{"start":{"line":74,"column":10},"end":{"line":74,"column":34}},"43":{"start":{"line":76,"column":10},"end":{"line":80,"column":13}},"44":{"start":{"line":82,"column":10},"end":{"line":85,"column":13}},"45":{"start":{"line":87,"column":10},"end":{"line":87,"column":29}},"46":{"start":{"line":88,"column":10},"end":{"line":88,"column":90}},"47":{"start":{"line":91,"column":10},"end":{"line":91,"column":185}},"48":{"start":{"line":92,"column":10},"end":{"line":96,"column":14}},"49":{"start":{"line":98,"column":10},"end":{"line":101,"column":11}},"50":{"start":{"line":99,"column":12},"end":{"line":99,"column":31}},"51":{"start":{"line":100,"column":12},"end":{"line":100,"column":18}},"52":{"start":{"line":102,"column":10},"end":{"line":104,"column":14}},"53":{"start":{"line":106,"column":10},"end":{"line":109,"column":11}},"54":{"start":{"line":107,"column":12},"end":{"line":107,"column":31}},"55":{"start":{"line":108,"column":12},"end":{"line":108,"column":18}},"56":{"start":{"line":110,"column":10},"end":{"line":112,"column":14}},"57":{"start":{"line":114,"column":10},"end":{"line":114,"column":29}},"58":{"start":{"line":115,"column":10},"end":{"line":115,"column":16}},"59":{"start":{"line":117,"column":10},"end":{"line":117,"column":29}},"60":{"start":{"line":118,"column":10},"end":{"line":118,"column":45}},"61":{"start":{"line":119,"column":10},"end":{"line":121,"column":14}},"62":{"start":{"line":124,"column":10},"end":{"line":124,"column":33}},"63":{"start":{"line":128,"column":2},"end":{"line":130,"column":4}},"64":{"start":{"line":129,"column":4},"end":{"line":129,"column":39}},"65":{"start":{"line":132,"column":15},"end":{"line":132,"column":27}},"66":{"start":{"line":133,"column":0},"end":{"line":133,"column":30}}},"fnMap":{"0":{"name":"(anonymous_0)","decl":{"start":{"line":23,"column":32},"end":{"line":23,"column":33}},"loc":{"start":{"line":23,"column":44},"end":{"line":131,"column":1}},"line":23},"1":{"name":"_callee","decl":{"start":{"line":24,"column":100},"end":{"line":24,"column":107}},"loc":{"start":{"line":24,"column":118},"end":{"line":127,"column":3}},"line":24},"2":{"name":"_callee$","decl":{"start":{"line":26,"column":49},"end":{"line":26,"column":57}},"loc":{"start":{"line":26,"column":68},"end":{"line":126,"column":5}},"line":26},"3":{"name":"registerUser","decl":{"start":{"line":128,"column":18},"end":{"line":128,"column":30}},"loc":{"start":{"line":128,"column":40},"end":{"line":130,"column":3}},"line":128}},"branchMap":{"0":{"loc":{"start":{"line":27,"column":16},"end":{"line":125,"column":7}},"type":"switch","locations":[{"start":{"line":28,"column":8},"end":{"line":36,"column":55}},{"start":{"line":37,"column":8},"end":{"line":44,"column":13}},{"start":{"line":45,"column":8},"end":{"line":54,"column":14}},{"start":{"line":55,"column":8},"end":{"line":72,"column":13}},{"start":{"line":73,"column":8},"end":{"line":88,"column":90}},{"start":{"line":89,"column":8},"end":{"line":96,"column":14}},{"start":{"line":97,"column":8},"end":{"line":104,"column":14}},{"start":{"line":105,"column":8},"end":{"line":112,"column":14}},{"start":{"line":113,"column":8},"end":{"line":115,"column":16}},{"start":{"line":116,"column":8},"end":{"line":121,"column":14}},{"start":{"line":122,"column":8},"end":{"line":122,"column":16}},{"start":{"line":123,"column":8},"end":{"line":124,"column":33}}],"line":27},"1":{"loc":{"start":{"line":47,"column":10},"end":{"line":50,"column":11}},"type":"if","locations":[{"start":{"line":47,"column":10},"end":{"line":50,"column":11}},{"start":{"line":47,"column":10},"end":{"line":50,"column":11}}],"line":47},"2":{"loc":{"start":{"line":61,"column":10},"end":{"line":64,"column":11}},"type":"if","locations":[{"start":{"line":61,"column":10},"end":{"line":64,"column":11}},{"start":{"line":61,"column":10},"end":{"line":64,"column":11}}],"line":61},"3":{"loc":{"start":{"line":61,"column":16},"end":{"line":61,"column":43}},"type":"binary-expr","locations":[{"start":{"line":61,"column":16},"end":{"line":61,"column":26}},{"start":{"line":61,"column":30},"end":{"line":61,"column":43}}],"line":61},"4":{"loc":{"start":{"line":98,"column":10},"end":{"line":101,"column":11}},"type":"if","locations":[{"start":{"line":98,"column":10},"end":{"line":101,"column":11}},{"start":{"line":98,"column":10},"end":{"line":101,"column":11}}],"line":98},"5":{"loc":{"start":{"line":106,"column":10},"end":{"line":109,"column":11}},"type":"if","locations":[{"start":{"line":106,"column":10},"end":{"line":109,"column":11}},{"start":{"line":106,"column":10},"end":{"line":109,"column":11}}],"line":106}},"s":{"0":1,"1":1,"2":1,"3":1,"4":1,"5":1,"6":1,"7":1,"8":1,"9":1,"10":1,"11":1,"12":1,"13":1,"14":1,"15":1,"16":1,"17":2,"18":8,"19":10,"20":2,"21":2,"22":2,"23":2,"24":2,"25":2,"26":2,"27":2,"28":2,"29":2,"30":2,"31":1,"32":1,"33":1,"34":1,"35":1,"36":1,"37":1,"38":1,"39":1,"40":0,"41":0,"42":0,"43":0,"44":0,"45":0,"46":0,"47":0,"48":0,"49":1,"50":0,"51":0,"52":1,"53":0,"54":0,"55":0,"56":0,"57":0,"58":0,"59":0,"60":0,"61":0,"62":2,"63":1,"64":2,"65":1,"66":1},"f":{"0":1,"1":2,"2":8,"3":2},"b":{"0":[2,2,2,1,0,0,1,0,0,0,0,2],"1":[1,1],"2":[1,0],"3":[1,0],"4":[0,1],"5":[0,0]},"inputSourceMap":{"version":3,"names":["_bcrypt","_interopRequireDefault","require","_jsonwebtoken","_index","_userValidation","_emails","_excluded","user","db","console","log","secret","process","env","USER_SECRET","registerUser","_ref","_asyncToGenerator2","_regenerator","mark","_callee","req","res","token","_req$body","username","userEmail","password","role","hashedPassword","userExists","validEmail","validPassword","newUser","_newUser$dataValues","userPassword","userDetails","wrap","_callee$","_context","prev","next","body","name","email","bcrypt","hash","sent","findOne","where","abrupt","status","json","message","validateEmail","validatePassword","create","roleId","isActive","jwt","sign","id","expiresIn","cookie","httpOnly","maxAge","sendEmail","dataValues","_objectWithoutProperties2","authorization","t0","error","stop","_x","_x2","apply","arguments","_default","exports"],"sourceRoot":"/home/ykut/Documents/Andela/C28/new2/e-comm-team-techsmith-bn/src/controller/","sources":["signupController.js"],"sourcesContent":["import bcrypt from 'bcrypt';\nimport jwt from 'jsonwebtoken';\nimport db from '../../database/models/index.js';\nimport { validateEmail, validatePassword } from '../utils/userValidation.js';\nimport sendEmail from '../utils/emails.js';\n\nconst { user } = db;\n/* eslint-disable no-console */\nconsole.log('user', user);\n\nconst { USER_SECRET: secret } = process.env;\n\n//  REGISTER USER\nconst registerUser = async (req, res) => {\n  // TOKEN\n  let token = null;\n  try {\n    const { name: username, email: userEmail, password, role } = req.body;\n    /* es-lint-disable no-console */\n    console.log(userEmail);\n    const hashedPassword = await bcrypt.hash(password, 10);\n    // CHECK IF USER EXISTS\n    const userExists = await user.findOne({ where: { email: userEmail } });\n    if (userExists) {\n      return res.status(409).json({\n        message: 'User already exists',\n        user: userExists,\n      });\n    }\n    // VALIDATE USER EMAIL\n    const validEmail = validateEmail(userEmail);\n    // VALIDATE USER PASSWORD\n    const validPassword = validatePassword(password);\n    // LOG VALIDATION RESULTS\n    console.log(validPassword, validEmail);\n    /* REGISTER USER IF EMAIL AND PASSWORD ARE VALID */\n    if (validEmail && validPassword) {\n      const newUser = await user.create({\n        name: username,\n        email: userEmail,\n        password: hashedPassword,\n        roleId: role,\n        isActive: true,\n      });\n      // CREATE TOKEN\n      token = jwt.sign({ id: userEmail }, secret, { expiresIn: 604800 });\n      // SET TOKEN IN COOKIE\n      res.cookie('Authorized', token, { httpOnly: true, maxAge: 604800 });\n      // SEND EMAIL\n      await sendEmail(userEmail, username, 'Welcome to the team', res);\n      // RETURN USER\n      const { password: userPassword, ...userDetails } = newUser.dataValues;\n      return res.status(201).json({\n        message: 'User created successfully',\n        authorization: token,\n        user: userDetails,\n      });\n    }\n    /* RETURN ERROR IF EMAIL OR PASSWORD IS INVALID */\n    // INVALID EMAIL\n    if (!validEmail) {\n      return res.status(400).json({\n        message: validEmail,\n      });\n    }\n    // INVALID PASSWORD\n    if (!validPassword) {\n      return res.status(400).json({\n        message: validPassword,\n      });\n    }\n  } catch (error) {\n    // CATCH ERROR\n    return res.status(500).json({\n      error,\n    });\n  }\n};\n\nexport default registerUser;\n"],"mappings":";;;;;;;;;;AAAA,IAAAA,OAAA,GAAAC,sBAAA,CAAAC,OAAA;AACA,IAAAC,aAAA,GAAAF,sBAAA,CAAAC,OAAA;AACA,IAAAE,MAAA,GAAAH,sBAAA,CAAAC,OAAA;AACA,IAAAG,eAAA,GAAAH,OAAA;AACA,IAAAI,OAAA,GAAAL,sBAAA,CAAAC,OAAA;AAA2C,IAAAK,SAAA;AAE3C,IAAQC,IAAI,GAAKC,iBAAE,CAAXD,IAAI;AACZ;AACAE,OAAO,CAACC,GAAG,CAAC,MAAM,EAAEH,IAAI,CAAC;AAEzB,IAAqBI,MAAM,GAAKC,OAAO,CAACC,GAAG,CAAnCC,WAAW;;AAEnB;AACA,IAAMC,YAAY;EAAA,IAAAC,IAAA,OAAAC,kBAAA,2BAAAC,YAAA,YAAAC,IAAA,CAAG,SAAAC,QAAOC,GAAG,EAAEC,GAAG;IAAA,IAAAC,KAAA,EAAAC,SAAA,EAAAC,QAAA,EAAAC,SAAA,EAAAC,QAAA,EAAAC,IAAA,EAAAC,cAAA,EAAAC,UAAA,EAAAC,UAAA,EAAAC,aAAA,EAAAC,OAAA,EAAAC,mBAAA,EAAAC,YAAA,EAAAC,WAAA;IAAA,OAAAlB,YAAA,YAAAmB,IAAA,UAAAC,SAAAC,QAAA;MAAA,kBAAAA,QAAA,CAAAC,IAAA,GAAAD,QAAA,CAAAE,IAAA;QAAA;UAClC;UACIlB,KAAK,GAAG,IAAI;UAAAgB,QAAA,CAAAC,IAAA;UAAAhB,SAAA,GAE+CH,GAAG,CAACqB,IAAI,EAAvDjB,QAAQ,GAAAD,SAAA,CAAdmB,IAAI,EAAmBjB,SAAS,GAAAF,SAAA,CAAhBoB,KAAK,EAAajB,QAAQ,GAAAH,SAAA,CAARG,QAAQ,EAAEC,IAAI,GAAAJ,SAAA,CAAJI,IAAI;UACxD;UACAnB,OAAO,CAACC,GAAG,CAACgB,SAAS,CAAC;UAACa,QAAA,CAAAE,IAAA;UAAA,OACMI,kBAAM,CAACC,IAAI,CAACnB,QAAQ,EAAE,EAAE,CAAC;QAAA;UAAhDE,cAAc,GAAAU,QAAA,CAAAQ,IAAA;UAAAR,QAAA,CAAAE,IAAA;UAAA,OAEKlC,IAAI,CAACyC,OAAO,CAAC;YAAEC,KAAK,EAAE;cAAEL,KAAK,EAAElB;YAAU;UAAE,CAAC,CAAC;QAAA;UAAhEI,UAAU,GAAAS,QAAA,CAAAQ,IAAA;UAAA,KACZjB,UAAU;YAAAS,QAAA,CAAAE,IAAA;YAAA;UAAA;UAAA,OAAAF,QAAA,CAAAW,MAAA,WACL5B,GAAG,CAAC6B,MAAM,CAAC,GAAG,CAAC,CAACC,IAAI,CAAC;YAC1BC,OAAO,EAAE,qBAAqB;YAC9B9C,IAAI,EAAEuB;UACR,CAAC,CAAC;QAAA;UAEJ;UACMC,UAAU,GAAG,IAAAuB,6BAAa,EAAC5B,SAAS,CAAC,EAC3C;UACMM,aAAa,GAAG,IAAAuB,gCAAgB,EAAC5B,QAAQ,CAAC,EAChD;UACAlB,OAAO,CAACC,GAAG,CAACsB,aAAa,EAAED,UAAU,CAAC;UACtC;UAAA,MACIA,UAAU,IAAIC,aAAa;YAAAO,QAAA,CAAAE,IAAA;YAAA;UAAA;UAAAF,QAAA,CAAAE,IAAA;UAAA,OACPlC,IAAI,CAACiD,MAAM,CAAC;YAChCb,IAAI,EAAElB,QAAQ;YACdmB,KAAK,EAAElB,SAAS;YAChBC,QAAQ,EAAEE,cAAc;YACxB4B,MAAM,EAAE7B,IAAI;YACZ8B,QAAQ,EAAE;UACZ,CAAC,CAAC;QAAA;UANIzB,OAAO,GAAAM,QAAA,CAAAQ,IAAA;UAOb;UACAxB,KAAK,GAAGoC,wBAAG,CAACC,IAAI,CAAC;YAAEC,EAAE,EAAEnC;UAAU,CAAC,EAAEf,MAAM,EAAE;YAAEmD,SAAS,EAAE;UAAO,CAAC,CAAC;UAClE;UACAxC,GAAG,CAACyC,MAAM,CAAC,YAAY,EAAExC,KAAK,EAAE;YAAEyC,QAAQ,EAAE,IAAI;YAAEC,MAAM,EAAE;UAAO,CAAC,CAAC;UACnE;UAAA1B,QAAA,CAAAE,IAAA;UAAA,OACM,IAAAyB,kBAAS,EAACxC,SAAS,EAAED,QAAQ,EAAE,qBAAqB,EAAEH,GAAG,CAAC;QAAA;UAChE;UAAAY,mBAAA,GACmDD,OAAO,CAACkC,UAAU,EAAnDhC,YAAY,GAAAD,mBAAA,CAAtBP,QAAQ,EAAmBS,WAAW,OAAAgC,yBAAA,aAAAlC,mBAAA,EAAA5B,SAAA;UAAA,OAAAiC,QAAA,CAAAW,MAAA,WACvC5B,GAAG,CAAC6B,MAAM,CAAC,GAAG,CAAC,CAACC,IAAI,CAAC;YAC1BC,OAAO,EAAE,2BAA2B;YACpCgB,aAAa,EAAE9C,KAAK;YACpBhB,IAAI,EAAE6B;UACR,CAAC,CAAC;QAAA;UAAA,IAICL,UAAU;YAAAQ,QAAA,CAAAE,IAAA;YAAA;UAAA;UAAA,OAAAF,QAAA,CAAAW,MAAA,WACN5B,GAAG,CAAC6B,MAAM,CAAC,GAAG,CAAC,CAACC,IAAI,CAAC;YAC1BC,OAAO,EAAEtB;UACX,CAAC,CAAC;QAAA;UAAA,IAGCC,aAAa;YAAAO,QAAA,CAAAE,IAAA;YAAA;UAAA;UAAA,OAAAF,QAAA,CAAAW,MAAA,WACT5B,GAAG,CAAC6B,MAAM,CAAC,GAAG,CAAC,CAACC,IAAI,CAAC;YAC1BC,OAAO,EAAErB;UACX,CAAC,CAAC;QAAA;UAAAO,QAAA,CAAAE,IAAA;UAAA;QAAA;UAAAF,QAAA,CAAAC,IAAA;UAAAD,QAAA,CAAA+B,EAAA,GAAA/B,QAAA;UAAA,OAAAA,QAAA,CAAAW,MAAA,WAIG5B,GAAG,CAAC6B,MAAM,CAAC,GAAG,CAAC,CAACC,IAAI,CAAC;YAC1BmB,KAAK,EAAAhC,QAAA,CAAA+B;UACP,CAAC,CAAC;QAAA;QAAA;UAAA,OAAA/B,QAAA,CAAAiC,IAAA;MAAA;IAAA,GAAApD,OAAA;EAAA,CAEL;EAAA,gBAhEKL,YAAYA,CAAA0D,EAAA,EAAAC,GAAA;IAAA,OAAA1D,IAAA,CAAA2D,KAAA,OAAAC,SAAA;EAAA;AAAA,GAgEjB;AAAC,IAAAC,QAAA,GAEa9D,YAAY;AAAA+D,OAAA,cAAAD,QAAA"},"_coverageSchema":"1a1c01bbd47fc00a2c39e90264f33305004495a9","hash":"02941bb78fd5ff65266e74eed01913f853240b37","contentHash":"cbce084c12ad809c83d3061ab1dc0c82c47e60a3baf6913f5d31569899a8a625"},"/home/ykut/Documents/Andela/C28/new2/e-comm-team-techsmith-bn/database/models/index.js":{"path":"/home/ykut/Documents/Andela/C28/new2/e-comm-team-techsmith-bn/database/models/index.js","statementMap":{"0":{"start":{"line":3,"column":9},"end":{"line":3,"column":22}},"1":{"start":{"line":4,"column":11},"end":{"line":4,"column":26}},"2":{"start":{"line":5,"column":16},"end":{"line":5,"column":36}},"3":{"start":{"line":6,"column":14},"end":{"line":6,"column":32}},"4":{"start":{"line":7,"column":15},"end":{"line":7,"column":40}},"5":{"start":{"line":8,"column":10},"end":{"line":8,"column":47}},"6":{"start":{"line":9,"column":13},"end":{"line":9,"column":61}},"7":{"start":{"line":10,"column":9},"end":{"line":10,"column":11}},"8":{"start":{"line":11,"column":16},"end":{"line":14,"column":2}},"9":{"start":{"line":15,"column":0},"end":{"line":20,"column":3}},"10":{"start":{"line":16,"column":2},"end":{"line":16,"column":117}},"11":{"start":{"line":18,"column":14},"end":{"line":18,"column":81}},"12":{"start":{"line":19,"column":2},"end":{"line":19,"column":25}},"13":{"start":{"line":21,"column":0},"end":{"line":25,"column":3}},"14":{"start":{"line":22,"column":2},"end":{"line":24,"column":3}},"15":{"start":{"line":23,"column":4},"end":{"line":23,"column":32}},"16":{"start":{"line":26,"column":0},"end":{"line":26,"column":25}},"17":{"start":{"line":27,"column":0},"end":{"line":27,"column":25}},"18":{"start":{"line":28,"column":0},"end":{"line":28,"column":20}}},"fnMap":{"0":{"name":"(anonymous_0)","decl":{"start":{"line":15,"column":33},"end":{"line":15,"column":34}},"loc":{"start":{"line":15,"column":49},"end":{"line":17,"column":1}},"line":15},"1":{"name":"(anonymous_1)","decl":{"start":{"line":17,"column":11},"end":{"line":17,"column":12}},"loc":{"start":{"line":17,"column":27},"end":{"line":20,"column":1}},"line":17},"2":{"name":"(anonymous_2)","decl":{"start":{"line":21,"column":24},"end":{"line":21,"column":25}},"loc":{"start":{"line":21,"column":45},"end":{"line":25,"column":1}},"line":21}},"branchMap":{"0":{"loc":{"start":{"line":8,"column":10},"end":{"line":8,"column":47}},"type":"binary-expr","locations":[{"start":{"line":8,"column":10},"end":{"line":8,"column":30}},{"start":{"line":8,"column":34},"end":{"line":8,"column":47}}],"line":8},"1":{"loc":{"start":{"line":11,"column":30},"end":{"line":11,"column":71}},"type":"binary-expr","locations":[{"start":{"line":11,"column":30},"end":{"line":11,"column":48}},{"start":{"line":11,"column":52},"end":{"line":11,"column":71}}],"line":11},"2":{"loc":{"start":{"line":16,"column":9},"end":{"line":16,"column":116}},"type":"binary-expr","locations":[{"start":{"line":16,"column":9},"end":{"line":16,"column":32}},{"start":{"line":16,"column":36},"end":{"line":16,"column":53}},{"start":{"line":16,"column":57},"end":{"line":16,"column":81}},{"start":{"line":16,"column":85},"end":{"line":16,"column":116}}],"line":16},"3":{"loc":{"start":{"line":22,"column":2},"end":{"line":24,"column":3}},"type":"if","locations":[{"start":{"line":22,"column":2},"end":{"line":24,"column":3}},{"start":{"line":22,"column":2},"end":{"line":24,"column":3}}],"line":22}},"s":{"0":1,"1":1,"2":1,"3":1,"4":1,"5":1,"6":1,"7":1,"8":1,"9":1,"10":8,"11":7,"12":7,"13":1,"14":7,"15":7,"16":1,"17":1,"18":1},"f":{"0":8,"1":7,"2":7},"b":{"0":[1,0],"1":[1,0],"2":[8,8,7,7],"3":[7,0]},"inputSourceMap":{"version":3,"names":["fs","require","path","Sequelize","process","basename","__filename","env","NODE_ENV","config","__dirname","db","sequelize","DB_URL","database_url","dialect","host","readdirSync","filter","file","indexOf","slice","forEach","model","join","DataTypes","name","Object","keys","modelName","associate","module","exports"],"sourceRoot":"/home/ykut/Documents/Andela/C28/new2/e-comm-team-techsmith-bn/database/models/","sources":["index.js"],"sourcesContent":["'use strict';\n\nconst fs = require('fs');\nconst path = require('path');\nconst Sequelize = require('sequelize');\nconst process = require('process');\nconst basename = path.basename(__filename);\nconst env = process.env.NODE_ENV || 'development';\nconst config = require(__dirname + '/../config/config.js')[env];\nconst db = {};\n\nconst sequelize = new Sequelize(\n  process.env.DB_URL || config.database_url,\n  {\n    dialect: config.dialect,\n    host: config.host\n  }\n);\n\nfs\n  .readdirSync(__dirname)\n  .filter(file => {\n    return (\n      file.indexOf('.') !== 0 &&\n      file !== basename &&\n      file.slice(-3) === '.js' &&\n      file.indexOf('.test.js') === -1\n    );\n  })\n  .forEach(file => {\n    const model = require(path.join(__dirname, file))(sequelize, Sequelize.DataTypes);\n    db[model.name] = model;\n  });\n\nObject.keys(db).forEach(modelName => {\n  if (db[modelName].associate) {\n    db[modelName].associate(db);\n  }\n});\n\ndb.sequelize = sequelize;\ndb.Sequelize = Sequelize;\n\nmodule.exports = db;"],"mappings":"AAAA,YAAY;;AAEZ,IAAMA,EAAE,GAAGC,OAAO,CAAC,IAAI,CAAC;AACxB,IAAMC,IAAI,GAAGD,OAAO,CAAC,MAAM,CAAC;AAC5B,IAAME,SAAS,GAAGF,OAAO,CAAC,WAAW,CAAC;AACtC,IAAMG,OAAO,GAAGH,OAAO,CAAC,SAAS,CAAC;AAClC,IAAMI,QAAQ,GAAGH,IAAI,CAACG,QAAQ,CAACC,UAAU,CAAC;AAC1C,IAAMC,GAAG,GAAGH,OAAO,CAACG,GAAG,CAACC,QAAQ,IAAI,aAAa;AACjD,IAAMC,MAAM,GAAGR,OAAO,CAACS,SAAS,GAAG,sBAAsB,CAAC,CAACH,GAAG,CAAC;AAC/D,IAAMI,EAAE,GAAG,CAAC,CAAC;AAEb,IAAMC,SAAS,GAAG,IAAIT,SAAS,CAC7BC,OAAO,CAACG,GAAG,CAACM,MAAM,IAAIJ,MAAM,CAACK,YAAY,EACzC;EACEC,OAAO,EAAEN,MAAM,CAACM,OAAO;EACvBC,IAAI,EAAEP,MAAM,CAACO;AACf,CAAC,CACF;AAEDhB,EAAE,CACCiB,WAAW,CAACP,SAAS,CAAC,CACtBQ,MAAM,CAAC,UAAAC,IAAI,EAAI;EACd,OACEA,IAAI,CAACC,OAAO,CAAC,GAAG,CAAC,KAAK,CAAC,IACvBD,IAAI,KAAKd,QAAQ,IACjBc,IAAI,CAACE,KAAK,CAAC,CAAC,CAAC,CAAC,KAAK,KAAK,IACxBF,IAAI,CAACC,OAAO,CAAC,UAAU,CAAC,KAAK,CAAC,CAAC;AAEnC,CAAC,CAAC,CACDE,OAAO,CAAC,UAAAH,IAAI,EAAI;EACf,IAAMI,KAAK,GAAGtB,OAAO,CAACC,IAAI,CAACsB,IAAI,CAACd,SAAS,EAAES,IAAI,CAAC,CAAC,CAACP,SAAS,EAAET,SAAS,CAACsB,SAAS,CAAC;EACjFd,EAAE,CAACY,KAAK,CAACG,IAAI,CAAC,GAAGH,KAAK;AACxB,CAAC,CAAC;AAEJI,MAAM,CAACC,IAAI,CAACjB,EAAE,CAAC,CAACW,OAAO,CAAC,UAAAO,SAAS,EAAI;EACnC,IAAIlB,EAAE,CAACkB,SAAS,CAAC,CAACC,SAAS,EAAE;IAC3BnB,EAAE,CAACkB,SAAS,CAAC,CAACC,SAAS,CAACnB,EAAE,CAAC;EAC7B;AACF,CAAC,CAAC;AAEFA,EAAE,CAACC,SAAS,GAAGA,SAAS;AACxBD,EAAE,CAACR,SAAS,GAAGA,SAAS;AAExB4B,MAAM,CAACC,OAAO,GAAGrB,EAAE"},"_coverageSchema":"1a1c01bbd47fc00a2c39e90264f33305004495a9","hash":"90aeb3ac17d0aa3ae671355ca64b76369d8a2b59","contentHash":"555a0ef5c5e4a5a265c50a3c0fb98c371e799eae5a78dacbb5b112fae83bec27"},"/home/ykut/Documents/Andela/C28/new2/e-comm-team-techsmith-bn/database/config/config.js":{"path":"/home/ykut/Documents/Andela/C28/new2/e-comm-team-techsmith-bn/database/config/config.js","statementMap":{"0":{"start":{"line":3,"column":13},"end":{"line":3,"column":30}},"1":{"start":{"line":4,"column":0},"end":{"line":4,"column":16}},"2":{"start":{"line":5,"column":19},"end":{"line":5,"column":30}},"3":{"start":{"line":6,"column":12},"end":{"line":6,"column":32}},"4":{"start":{"line":7,"column":16},"end":{"line":7,"column":40}},"5":{"start":{"line":8,"column":12},"end":{"line":8,"column":32}},"6":{"start":{"line":9,"column":12},"end":{"line":9,"column":32}},"7":{"start":{"line":10,"column":12},"end":{"line":10,"column":32}},"8":{"start":{"line":11,"column":11},"end":{"line":11,"column":30}},"9":{"start":{"line":12,"column":0},"end":{"line":43,"column":2}}},"fnMap":{},"branchMap":{},"s":{"0":1,"1":1,"2":1,"3":1,"4":1,"5":1,"6":1,"7":1,"8":1,"9":1},"f":{},"b":{},"inputSourceMap":{"version":3,"names":["dotenv","require","config","_process$env","process","env","DB_USER","DB_PASSWORD","DB_NAME","DB_HOST","DB_PORT","DB_URL","module","exports","development","username","password","database_name","database_url","host","port","dialect","dialectOptions","production"],"sourceRoot":"/home/ykut/Documents/Andela/C28/new2/e-comm-team-techsmith-bn/database/config/","sources":["config.js"],"sourcesContent":["const dotenv = require(\"dotenv\");\ndotenv.config();\n\nconst { DB_USER, DB_PASSWORD, DB_NAME, DB_HOST, DB_PORT, DB_URL } = process.env;\nmodule.exports =  {\n  development: {\n    username: DB_USER,\n    password: DB_PASSWORD,\n    database_name: DB_NAME,\n    database_url: DB_URL,\n    host: DB_HOST,\n    port: DB_PORT,\n    dialect: \"postgres\",\n    dialectOptions: {\n      \"ssl\": {\n        \"require\": true,\n        \"rejectUnauthorized\": false\n      }\n  }\n  },\n  production: {\n    username: DB_USER,\n    password: DB_PASSWORD,\n    database_name: DB_NAME,\n    database_url: DB_URL,\n    port: DB_PORT,\n    host: DB_HOST,\n    dialect: \"postgres\",\n    dialectOptions: {\n      \"ssl\": {\n        \"require\": true,\n        \"rejectUnauthorized\": false\n      }\n  }\n}\n}\n"],"mappings":";;AAAA,IAAMA,MAAM,GAAGC,OAAO,CAAC,QAAQ,CAAC;AAChCD,MAAM,CAACE,MAAM,EAAE;AAEf,IAAAC,YAAA,GAAoEC,OAAO,CAACC,GAAG;EAAvEC,OAAO,GAAAH,YAAA,CAAPG,OAAO;EAAEC,WAAW,GAAAJ,YAAA,CAAXI,WAAW;EAAEC,OAAO,GAAAL,YAAA,CAAPK,OAAO;EAAEC,OAAO,GAAAN,YAAA,CAAPM,OAAO;EAAEC,OAAO,GAAAP,YAAA,CAAPO,OAAO;EAAEC,MAAM,GAAAR,YAAA,CAANQ,MAAM;AAC/DC,MAAM,CAACC,OAAO,GAAI;EAChBC,WAAW,EAAE;IACXC,QAAQ,EAAET,OAAO;IACjBU,QAAQ,EAAET,WAAW;IACrBU,aAAa,EAAET,OAAO;IACtBU,YAAY,EAAEP,MAAM;IACpBQ,IAAI,EAAEV,OAAO;IACbW,IAAI,EAAEV,OAAO;IACbW,OAAO,EAAE,UAAU;IACnBC,cAAc,EAAE;MACd,KAAK,EAAE;QACL,SAAS,EAAE,IAAI;QACf,oBAAoB,EAAE;MACxB;IACJ;EACA,CAAC;EACDC,UAAU,EAAE;IACVR,QAAQ,EAAET,OAAO;IACjBU,QAAQ,EAAET,WAAW;IACrBU,aAAa,EAAET,OAAO;IACtBU,YAAY,EAAEP,MAAM;IACpBS,IAAI,EAAEV,OAAO;IACbS,IAAI,EAAEV,OAAO;IACbY,OAAO,EAAE,UAAU;IACnBC,cAAc,EAAE;MACd,KAAK,EAAE;QACL,SAAS,EAAE,IAAI;QACf,oBAAoB,EAAE;MACxB;IACJ;EACF;AACA,CAAC"},"_coverageSchema":"1a1c01bbd47fc00a2c39e90264f33305004495a9","hash":"f0d26335c3e7fc8aa74773bf631ac3acdb390382","contentHash":"4f83c2039d8c95489e60f9726b96cba7ada7744dffa6e6c637e1cf51bf0e6d25"},"/home/ykut/Documents/Andela/C28/new2/e-comm-team-techsmith-bn/database/models/cart.js":{"path":"/home/ykut/Documents/Andela/C28/new2/e-comm-team-techsmith-bn/database/models/cart.js","statementMap":{"0":{"start":{"line":3,"column":29},"end":{"line":3,"column":84}},"1":{"start":{"line":4,"column":23},"end":{"line":4,"column":95}},"2":{"start":{"line":5,"column":20},"end":{"line":5,"column":89}},"3":{"start":{"line":6,"column":17},"end":{"line":6,"column":83}},"4":{"start":{"line":7,"column":34},"end":{"line":7,"column":117}},"5":{"start":{"line":8,"column":23},"end":{"line":8,"column":95}},"6":{"start":{"line":9,"column":65},"end":{"line":9,"column":92}},"7":{"start":{"line":9,"column":94},"end":{"line":9,"column":474}},"8":{"start":{"line":9,"column":147},"end":{"line":9,"column":188}},"9":{"start":{"line":9,"column":198},"end":{"line":9,"column":405}},"10":{"start":{"line":9,"column":247},"end":{"line":9,"column":297}},"11":{"start":{"line":9,"column":299},"end":{"line":9,"column":355}},"12":{"start":{"line":9,"column":365},"end":{"line":9,"column":403}},"13":{"start":{"line":9,"column":406},"end":{"line":9,"column":471}},"14":{"start":{"line":10,"column":39},"end":{"line":10,"column":110}},"15":{"start":{"line":10,"column":97},"end":{"line":10,"column":110}},"16":{"start":{"line":10,"column":111},"end":{"line":10,"column":152}},"17":{"start":{"line":10,"column":139},"end":{"line":10,"column":152}},"18":{"start":{"line":10,"column":153},"end":{"line":10,"column":198}},"19":{"start":{"line":10,"column":186},"end":{"line":10,"column":198}},"20":{"start":{"line":10,"column":199},"end":{"line":10,"column":327}},"21":{"start":{"line":10,"column":205},"end":{"line":10,"column":284}},"22":{"start":{"line":10,"column":285},"end":{"line":10,"column":297}},"23":{"start":{"line":10,"column":312},"end":{"line":10,"column":325}},"24":{"start":{"line":11,"column":15},"end":{"line":11,"column":35}},"25":{"start":{"line":12,"column":10},"end":{"line":12,"column":24}},"26":{"start":{"line":13,"column":11},"end":{"line":13,"column":28}},"27":{"start":{"line":14,"column":0},"end":{"line":62,"column":2}},"28":{"start":{"line":15,"column":26},"end":{"line":29,"column":10}},"29":{"start":{"line":16,"column":4},"end":{"line":16,"column":45}},"30":{"start":{"line":17,"column":17},"end":{"line":17,"column":35}},"31":{"start":{"line":19,"column":6},"end":{"line":19,"column":51}},"32":{"start":{"line":20,"column":6},"end":{"line":20,"column":43}},"33":{"start":{"line":22,"column":4},"end":{"line":27,"column":8}},"34":{"start":{"line":28,"column":4},"end":{"line":28,"column":16}},"35":{"start":{"line":30,"column":2},"end":{"line":54,"column":5}},"36":{"start":{"line":61,"column":2},"end":{"line":61,"column":14}}},"fnMap":{"0":{"name":"_createSuper","decl":{"start":{"line":9,"column":9},"end":{"line":9,"column":21}},"loc":{"start":{"line":9,"column":31},"end":{"line":9,"column":476}},"line":9},"1":{"name":"_createSuperInternal","decl":{"start":{"line":9,"column":110},"end":{"line":9,"column":130}},"loc":{"start":{"line":9,"column":133},"end":{"line":9,"column":473}},"line":9},"2":{"name":"_isNativeReflectConstruct","decl":{"start":{"line":10,"column":9},"end":{"line":10,"column":34}},"loc":{"start":{"line":10,"column":37},"end":{"line":10,"column":329}},"line":10},"3":{"name":"(anonymous_3)","decl":{"start":{"line":10,"column":267},"end":{"line":10,"column":268}},"loc":{"start":{"line":10,"column":279},"end":{"line":10,"column":281}},"line":10},"4":{"name":"(anonymous_4)","decl":{"start":{"line":14,"column":17},"end":{"line":14,"column":18}},"loc":{"start":{"line":14,"column":49},"end":{"line":62,"column":1}},"line":14},"5":{"name":"(anonymous_5)","decl":{"start":{"line":15,"column":26},"end":{"line":15,"column":27}},"loc":{"start":{"line":15,"column":44},"end":{"line":29,"column":3}},"line":15},"6":{"name":"cart","decl":{"start":{"line":18,"column":13},"end":{"line":18,"column":17}},"loc":{"start":{"line":18,"column":20},"end":{"line":21,"column":5}},"line":18},"7":{"name":"associate","decl":{"start":{"line":24,"column":22},"end":{"line":24,"column":31}},"loc":{"start":{"line":24,"column":40},"end":{"line":26,"column":7}},"line":24}},"branchMap":{"0":{"loc":{"start":{"line":9,"column":198},"end":{"line":9,"column":405}},"type":"if","locations":[{"start":{"line":9,"column":198},"end":{"line":9,"column":405}},{"start":{"line":9,"column":198},"end":{"line":9,"column":405}}],"line":9},"1":{"loc":{"start":{"line":10,"column":39},"end":{"line":10,"column":110}},"type":"if","locations":[{"start":{"line":10,"column":39},"end":{"line":10,"column":110}},{"start":{"line":10,"column":39},"end":{"line":10,"column":110}}],"line":10},"2":{"loc":{"start":{"line":10,"column":43},"end":{"line":10,"column":95}},"type":"binary-expr","locations":[{"start":{"line":10,"column":43},"end":{"line":10,"column":73}},{"start":{"line":10,"column":77},"end":{"line":10,"column":95}}],"line":10},"3":{"loc":{"start":{"line":10,"column":111},"end":{"line":10,"column":152}},"type":"if","locations":[{"start":{"line":10,"column":111},"end":{"line":10,"column":152}},{"start":{"line":10,"column":111},"end":{"line":10,"column":152}}],"line":10},"4":{"loc":{"start":{"line":10,"column":153},"end":{"line":10,"column":198}},"type":"if","locations":[{"start":{"line":10,"column":153},"end":{"line":10,"column":198}},{"start":{"line":10,"column":153},"end":{"line":10,"column":198}}],"line":10}},"s":{"0":1,"1":1,"2":1,"3":1,"4":1,"5":1,"6":1,"7":1,"8":0,"9":0,"10":0,"11":0,"12":0,"13":0,"14":1,"15":0,"16":1,"17":0,"18":1,"19":1,"20":0,"21":0,"22":0,"23":0,"24":1,"25":1,"26":1,"27":1,"28":1,"29":1,"30":1,"31":0,"32":0,"33":1,"34":1,"35":1,"36":1},"f":{"0":1,"1":0,"2":1,"3":0,"4":1,"5":1,"6":0,"7":1},"b":{"0":[0,0],"1":[0,1],"2":[1,1],"3":[0,1],"4":[1,0]},"inputSourceMap":{"version":3,"names":["_interopRequireDefault","require","_classCallCheck2","_createClass2","_inherits2","_possibleConstructorReturn2","_getPrototypeOf2","_createSuper","Derived","hasNativeReflectConstruct","_isNativeReflectConstruct","_createSuperInternal","Super","result","NewTarget","constructor","Reflect","construct","arguments","apply","sham","Proxy","Boolean","prototype","valueOf","call","e","_require","Model","user","module","exports","sequelize","DataTypes","cart","_Model","_super","key","value","associate","models","init","id","type","INTEGER","primaryKey","allowNull","unique","autoIncrement","productId","userId","categoryId","modelName","tableName"],"sourceRoot":"/home/ykut/Documents/Andela/C28/new2/e-comm-team-techsmith-bn/database/models/","sources":["cart.js"],"sourcesContent":["'use strict';\nconst {\n  Model\n} = require('sequelize');\nconst user = require('./user');\nmodule.exports = (sequelize, DataTypes) => {\n  class cart extends Model {\n   \n    static associate(models) {\n      // define association here\n    }\n  }\n  cart.init({\n    id: {\n      type: DataTypes.INTEGER,\n      primaryKey: true,\n      allowNull: false,\n      unique: true,\n      autoIncrement: true\n    },\n    productId: {\n      type: DataTypes.INTEGER,\n      allowNull: false\n    },\n    userId: {\n      type: DataTypes.INTEGER,\n      allowNull: false\n    },\n    categoryId:{\n      type: DataTypes.INTEGER,\n      allowNull: false \n    }\n  }, {\n    sequelize,\n    modelName: 'cart',\n    tableName: 'cart',\n  });\n  // cart.associate = function (models) {\n  //   cart.belongsTo(models.user, {\n  //     foreignKey: \"userId\",\n  //     as: \"User\",\n  //   });\n  // }\n  return cart;\n};"],"mappings":"AAAA,YAAY;;AAAC,IAAAA,sBAAA,GAAAC,OAAA;AAAA,IAAAC,gBAAA,GAAAF,sBAAA,CAAAC,OAAA;AAAA,IAAAE,aAAA,GAAAH,sBAAA,CAAAC,OAAA;AAAA,IAAAG,UAAA,GAAAJ,sBAAA,CAAAC,OAAA;AAAA,IAAAI,2BAAA,GAAAL,sBAAA,CAAAC,OAAA;AAAA,IAAAK,gBAAA,GAAAN,sBAAA,CAAAC,OAAA;AAAA,SAAAM,aAAAC,OAAA,QAAAC,yBAAA,GAAAC,yBAAA,oBAAAC,qBAAA,QAAAC,KAAA,OAAAN,gBAAA,aAAAE,OAAA,GAAAK,MAAA,MAAAJ,yBAAA,QAAAK,SAAA,OAAAR,gBAAA,mBAAAS,WAAA,EAAAF,MAAA,GAAAG,OAAA,CAAAC,SAAA,CAAAL,KAAA,EAAAM,SAAA,EAAAJ,SAAA,YAAAD,MAAA,GAAAD,KAAA,CAAAO,KAAA,OAAAD,SAAA,gBAAAb,2BAAA,mBAAAQ,MAAA;AAAA,SAAAH,0BAAA,eAAAM,OAAA,qBAAAA,OAAA,CAAAC,SAAA,oBAAAD,OAAA,CAAAC,SAAA,CAAAG,IAAA,2BAAAC,KAAA,oCAAAC,OAAA,CAAAC,SAAA,CAAAC,OAAA,CAAAC,IAAA,CAAAT,OAAA,CAAAC,SAAA,CAAAK,OAAA,8CAAAI,CAAA;AACb,IAAAC,QAAA,GAEI1B,OAAO,CAAC,WAAW,CAAC;EADtB2B,KAAK,GAAAD,QAAA,CAALC,KAAK;AAEP,IAAMC,IAAI,GAAG5B,OAAO,CAAC,QAAQ,CAAC;AAC9B6B,MAAM,CAACC,OAAO,GAAG,UAACC,SAAS,EAAEC,SAAS,EAAK;EAAA,IACnCC,IAAI,0BAAAC,MAAA;IAAA,IAAA/B,UAAA,aAAA8B,IAAA,EAAAC,MAAA;IAAA,IAAAC,MAAA,GAAA7B,YAAA,CAAA2B,IAAA;IAAA,SAAAA,KAAA;MAAA,IAAAhC,gBAAA,mBAAAgC,IAAA;MAAA,OAAAE,MAAA,CAAAjB,KAAA,OAAAD,SAAA;IAAA;IAAA,IAAAf,aAAA,aAAA+B,IAAA;MAAAG,GAAA;MAAAC,KAAA,EAER,SAAAC,UAAiBC,MAAM,EAAE;QACvB;MAAA;IACD;IAAA,OAAAN,IAAA;EAAA,EAJgBN,KAAK;EAMxBM,IAAI,CAACO,IAAI,CAAC;IACRC,EAAE,EAAE;MACFC,IAAI,EAAEV,SAAS,CAACW,OAAO;MACvBC,UAAU,EAAE,IAAI;MAChBC,SAAS,EAAE,KAAK;MAChBC,MAAM,EAAE,IAAI;MACZC,aAAa,EAAE;IACjB,CAAC;IACDC,SAAS,EAAE;MACTN,IAAI,EAAEV,SAAS,CAACW,OAAO;MACvBE,SAAS,EAAE;IACb,CAAC;IACDI,MAAM,EAAE;MACNP,IAAI,EAAEV,SAAS,CAACW,OAAO;MACvBE,SAAS,EAAE;IACb,CAAC;IACDK,UAAU,EAAC;MACTR,IAAI,EAAEV,SAAS,CAACW,OAAO;MACvBE,SAAS,EAAE;IACb;EACF,CAAC,EAAE;IACDd,SAAS,EAATA,SAAS;IACToB,SAAS,EAAE,MAAM;IACjBC,SAAS,EAAE;EACb,CAAC,CAAC;EACF;EACA;EACA;EACA;EACA;EACA;EACA,OAAOnB,IAAI;AACb,CAAC"},"_coverageSchema":"1a1c01bbd47fc00a2c39e90264f33305004495a9","hash":"24163288172d5395eacebe70688318c9c32c705d","contentHash":"7f2965c953d725c442d7536e9d80be80b46020bfcca98e9d48a83206fac48494"},"/home/ykut/Documents/Andela/C28/new2/e-comm-team-techsmith-bn/database/models/user.js":{"path":"/home/ykut/Documents/Andela/C28/new2/e-comm-team-techsmith-bn/database/models/user.js","statementMap":{"0":{"start":{"line":3,"column":29},"end":{"line":3,"column":84}},"1":{"start":{"line":4,"column":23},"end":{"line":4,"column":95}},"2":{"start":{"line":5,"column":20},"end":{"line":5,"column":89}},"3":{"start":{"line":6,"column":17},"end":{"line":6,"column":83}},"4":{"start":{"line":7,"column":34},"end":{"line":7,"column":117}},"5":{"start":{"line":8,"column":23},"end":{"line":8,"column":95}},"6":{"start":{"line":9,"column":65},"end":{"line":9,"column":92}},"7":{"start":{"line":9,"column":94},"end":{"line":9,"column":474}},"8":{"start":{"line":9,"column":147},"end":{"line":9,"column":188}},"9":{"start":{"line":9,"column":198},"end":{"line":9,"column":405}},"10":{"start":{"line":9,"column":247},"end":{"line":9,"column":297}},"11":{"start":{"line":9,"column":299},"end":{"line":9,"column":355}},"12":{"start":{"line":9,"column":365},"end":{"line":9,"column":403}},"13":{"start":{"line":9,"column":406},"end":{"line":9,"column":471}},"14":{"start":{"line":10,"column":39},"end":{"line":10,"column":110}},"15":{"start":{"line":10,"column":97},"end":{"line":10,"column":110}},"16":{"start":{"line":10,"column":111},"end":{"line":10,"column":152}},"17":{"start":{"line":10,"column":139},"end":{"line":10,"column":152}},"18":{"start":{"line":10,"column":153},"end":{"line":10,"column":198}},"19":{"start":{"line":10,"column":186},"end":{"line":10,"column":198}},"20":{"start":{"line":10,"column":199},"end":{"line":10,"column":327}},"21":{"start":{"line":10,"column":205},"end":{"line":10,"column":284}},"22":{"start":{"line":10,"column":285},"end":{"line":10,"column":297}},"23":{"start":{"line":10,"column":312},"end":{"line":10,"column":325}},"24":{"start":{"line":11,"column":15},"end":{"line":11,"column":35}},"25":{"start":{"line":12,"column":10},"end":{"line":12,"column":24}},"26":{"start":{"line":13,"column":0},"end":{"line":72,"column":2}},"27":{"start":{"line":14,"column":26},"end":{"line":28,"column":10}},"28":{"start":{"line":15,"column":4},"end":{"line":15,"column":45}},"29":{"start":{"line":16,"column":17},"end":{"line":16,"column":35}},"30":{"start":{"line":18,"column":6},"end":{"line":18,"column":51}},"31":{"start":{"line":19,"column":6},"end":{"line":19,"column":43}},"32":{"start":{"line":21,"column":4},"end":{"line":26,"column":8}},"33":{"start":{"line":27,"column":4},"end":{"line":27,"column":16}},"34":{"start":{"line":29,"column":2},"end":{"line":52,"column":5}},"35":{"start":{"line":71,"column":2},"end":{"line":71,"column":14}}},"fnMap":{"0":{"name":"_createSuper","decl":{"start":{"line":9,"column":9},"end":{"line":9,"column":21}},"loc":{"start":{"line":9,"column":31},"end":{"line":9,"column":476}},"line":9},"1":{"name":"_createSuperInternal","decl":{"start":{"line":9,"column":110},"end":{"line":9,"column":130}},"loc":{"start":{"line":9,"column":133},"end":{"line":9,"column":473}},"line":9},"2":{"name":"_isNativeReflectConstruct","decl":{"start":{"line":10,"column":9},"end":{"line":10,"column":34}},"loc":{"start":{"line":10,"column":37},"end":{"line":10,"column":329}},"line":10},"3":{"name":"(anonymous_3)","decl":{"start":{"line":10,"column":267},"end":{"line":10,"column":268}},"loc":{"start":{"line":10,"column":279},"end":{"line":10,"column":281}},"line":10},"4":{"name":"(anonymous_4)","decl":{"start":{"line":13,"column":17},"end":{"line":13,"column":18}},"loc":{"start":{"line":13,"column":49},"end":{"line":72,"column":1}},"line":13},"5":{"name":"(anonymous_5)","decl":{"start":{"line":14,"column":26},"end":{"line":14,"column":27}},"loc":{"start":{"line":14,"column":44},"end":{"line":28,"column":3}},"line":14},"6":{"name":"user","decl":{"start":{"line":17,"column":13},"end":{"line":17,"column":17}},"loc":{"start":{"line":17,"column":20},"end":{"line":20,"column":5}},"line":17},"7":{"name":"associate","decl":{"start":{"line":23,"column":22},"end":{"line":23,"column":31}},"loc":{"start":{"line":23,"column":40},"end":{"line":25,"column":7}},"line":23}},"branchMap":{"0":{"loc":{"start":{"line":9,"column":198},"end":{"line":9,"column":405}},"type":"if","locations":[{"start":{"line":9,"column":198},"end":{"line":9,"column":405}},{"start":{"line":9,"column":198},"end":{"line":9,"column":405}}],"line":9},"1":{"loc":{"start":{"line":10,"column":39},"end":{"line":10,"column":110}},"type":"if","locations":[{"start":{"line":10,"column":39},"end":{"line":10,"column":110}},{"start":{"line":10,"column":39},"end":{"line":10,"column":110}}],"line":10},"2":{"loc":{"start":{"line":10,"column":43},"end":{"line":10,"column":95}},"type":"binary-expr","locations":[{"start":{"line":10,"column":43},"end":{"line":10,"column":73}},{"start":{"line":10,"column":77},"end":{"line":10,"column":95}}],"line":10},"3":{"loc":{"start":{"line":10,"column":111},"end":{"line":10,"column":152}},"type":"if","locations":[{"start":{"line":10,"column":111},"end":{"line":10,"column":152}},{"start":{"line":10,"column":111},"end":{"line":10,"column":152}}],"line":10},"4":{"loc":{"start":{"line":10,"column":153},"end":{"line":10,"column":198}},"type":"if","locations":[{"start":{"line":10,"column":153},"end":{"line":10,"column":198}},{"start":{"line":10,"column":153},"end":{"line":10,"column":198}}],"line":10}},"s":{"0":1,"1":1,"2":1,"3":1,"4":1,"5":1,"6":1,"7":1,"8":1,"9":1,"10":1,"11":1,"12":0,"13":1,"14":1,"15":0,"16":1,"17":0,"18":1,"19":1,"20":0,"21":0,"22":0,"23":0,"24":1,"25":1,"26":1,"27":1,"28":1,"29":1,"30":1,"31":1,"32":1,"33":1,"34":1,"35":1},"f":{"0":1,"1":1,"2":1,"3":0,"4":1,"5":1,"6":1,"7":1},"b":{"0":[1,0],"1":[0,1],"2":[1,1],"3":[0,1],"4":[1,0]},"inputSourceMap":{"version":3,"names":["_interopRequireDefault","require","_classCallCheck2","_createClass2","_inherits2","_possibleConstructorReturn2","_getPrototypeOf2","_createSuper","Derived","hasNativeReflectConstruct","_isNativeReflectConstruct","_createSuperInternal","Super","result","NewTarget","constructor","Reflect","construct","arguments","apply","sham","Proxy","Boolean","prototype","valueOf","call","e","_require","Model","module","exports","sequelize","DataTypes","user","_Model","_super","key","value","associate","models","init","id","type","INTEGER","primaryKey","allowNull","autoIncrement","name","STRING","email","unique","roleId","isActive","BOOLEAN","defaultValue","password","modelName","tableName"],"sourceRoot":"/home/ykut/Documents/Andela/C28/new2/e-comm-team-techsmith-bn/database/models/","sources":["user.js"],"sourcesContent":["\"use strict\";\nconst { Model } = require(\"sequelize\");\nmodule.exports = (sequelize, DataTypes) => {\n  class user extends Model {\n   \n    static associate(models) {\n      // define association here\n    }\n  }\n  user.init({\n    id: {\n      type: DataTypes.INTEGER,\n      primaryKey: true,\n      allowNull: false,\n      autoIncrement: true\n    },\n    name: DataTypes.STRING,\n    email:{\n    type: DataTypes.STRING,\n    unique:true,\n    allowNull:false\n    },\n    roleId: DataTypes.STRING,\n    isActive:{\n      type:DataTypes.BOOLEAN,\n      defaultValue:false\n    },\n    password:DataTypes.STRING,\n  }, {\n    sequelize,\n    modelName: 'user',\n    tableName: 'user',\n  });\n  // user.associate = function (models) {\n  //   user.belongsTo(models.role, {\n  //     foreignKey: \"roleId\",\n  //     as: \"Role\",\n  //   });\n  //   user.belongsTo(models.order,{\n  //     foreignKey: \"userId\",\n  //     as: \"Order\",\n  //   });\n  //   user.belongsToMany(models.product,{\n  //     through:\"user_product\"\n  //   })\n  //   user.hasOne(models.cart,{\n  //     foreignKey: \"userId\",\n  //     as: \"Cart\", \n  //   })\n  // };\n\n  return user;\n};\n"],"mappings"
[...]
in with your email and password.\n\nhttps://www.example.com\n\nThank you for using our service.\n`;\n\nconst sendEmail = async (email, name, heading, res) => {\n  try {\n    const message = {\n      to: email,\n      from: process.env.SENDGRID_EMAIL,\n      subject: heading,\n      text: messageTemplate(name),\n    };\n    // SEND EMAIL\n    await sgMail.send(message);\n    // RETURN SUCCESS\n    /* eslint-disable no-console */\n    console.log(`Email sent to ${name}`);\n  } catch (error) {\n    return res.status(500).json({\n      status: error,\n    });\n  }\n};\n\nexport default sendEmail;\n\n/*\n## What does this PR do?\n\nThis PR helps to send the user a verification email after successful registration.\n\n## Description of Task to be completed?\n\n**GIVEN** a user registers with our application successfully, \n */\n"],"mappings":";;;;;;;;;AAAA,IAAAA,OAAA,GAAAC,sBAAA,CAAAC,OAAA;AACA,IAAAC,KAAA,GAAAF,sBAAA,CAAAC,OAAA;AAEA;AACAE,kBAAM,CAACC,MAAM,EAAE;AAEfC,gBAAM,CAACC,SAAS,CAACC,OAAO,CAACC,GAAG,CAACC,gBAAgB,CAAC;AAE9C,IAAMC,eAAe,GAAG,SAAlBA,eAAeA,CAAIC,IAAI;EAAA,iBAAAC,MAAA,CACtBD,IAAI;AAAA,CASV;AAED,IAAME,SAAS;EAAA,IAAAC,IAAA,OAAAC,kBAAA,2BAAAC,YAAA,YAAAC,IAAA,CAAG,SAAAC,QAAOC,KAAK,EAAER,IAAI,EAAES,OAAO,EAAEC,GAAG;IAAA,IAAAC,OAAA;IAAA,OAAAN,YAAA,YAAAO,IAAA,UAAAC,SAAAC,QAAA;MAAA,kBAAAA,QAAA,CAAAC,IAAA,GAAAD,QAAA,CAAAE,IAAA;QAAA;UAAAF,QAAA,CAAAC,IAAA;UAExCJ,OAAO,GAAG;YACdM,EAAE,EAAET,KAAK;YACTU,IAAI,EAAEtB,OAAO,CAACC,GAAG,CAACsB,cAAc;YAChCC,OAAO,EAAEX,OAAO;YAChBY,IAAI,EAAEtB,eAAe,CAACC,IAAI;UAC5B,CAAC,EACD;UAAAc,QAAA,CAAAE,IAAA;UAAA,OACMtB,gBAAM,CAAC4B,IAAI,CAACX,OAAO,CAAC;QAAA;UAC1B;UACA;UACAY,OAAO,CAACC,GAAG,kBAAAvB,MAAA,CAAkBD,IAAI,EAAG;UAACc,QAAA,CAAAE,IAAA;UAAA;QAAA;UAAAF,QAAA,CAAAC,IAAA;UAAAD,QAAA,CAAAW,EAAA,GAAAX,QAAA;UAAA,OAAAA,QAAA,CAAAY,MAAA,WAE9BhB,GAAG,CAACiB,MAAM,CAAC,GAAG,CAAC,CAACC,IAAI,CAAC;YAC1BD,MAAM,EAAAb,QAAA,CAAAW;UACR,CAAC,CAAC;QAAA;QAAA;UAAA,OAAAX,QAAA,CAAAe,IAAA;MAAA;IAAA,GAAAtB,OAAA;EAAA,CAEL;EAAA,gBAlBKL,SAASA,CAAA4B,EAAA,EAAAC,GAAA,EAAAC,GAAA,EAAAC,GAAA;IAAA,OAAA9B,IAAA,CAAA+B,KAAA,OAAAC,SAAA;EAAA;AAAA,GAkBd;AAAC,IAAAC,QAAA,GAEalC,SAAS;AAExB;AACA;AACA;AACA;AACA;AACA;AACA;AACA;AACA;AARAmC,OAAA,cAAAD,QAAA"},"_coverageSchema":"1a1c01bbd47fc00a2c39e90264f33305004495a9","hash":"053fe882fe6a7f428728391112370b3e6e04f302","contentHash":"48302cc5d1567d013b97649569926f3f8f7a00ee9a1f31f84ca4ba507d4339f6"},"/home/ykut/Documents/Andela/C28/new2/e-comm-team-techsmith-bn/src/routes/sampleRoute.js":{"path":"/home/ykut/Documents/Andela/C28/new2/e-comm-team-techsmith-bn/src/routes/sampleRoute.js","statementMap":{"0":{"start":{"line":3,"column":29},"end":{"line":3,"column":84}},"1":{"start":{"line":4,"column":0},"end":{"line":6,"column":3}},"2":{"start":{"line":7,"column":0},"end":{"line":7,"column":28}},"3":{"start":{"line":8,"column":15},"end":{"line":8,"column":57}},"4":{"start":{"line":9,"column":13},"end":{"line":9,"column":41}},"5":{"start":{"line":10,"column":0},"end":{"line":14,"column":3}},"6":{"start":{"line":11,"column":2},"end":{"line":13,"column":5}},"7":{"start":{"line":15,"column":15},"end":{"line":15,"column":21}},"8":{"start":{"line":16,"column":0},"end":{"line":16,"column":30}}},"fnMap":{"0":{"name":"(anonymous_0)","decl":{"start":{"line":10,"column":16},"end":{"line":10,"column":17}},"loc":{"start":{"line":10,"column":36},"end":{"line":14,"column":1}},"line":10}},"branchMap":{},"s":{"0":1,"1":1,"2":1,"3":1,"4":1,"5":1,"6":1,"7":1,"8":1},"f":{"0":1},"b":{},"inputSourceMap":{"version":3,"names":["_express","_interopRequireDefault","require","router","express","Router","get","req","res","status","json","message","_default","exports"],"sourceRoot":"/home/ykut/Documents/Andela/C28/new2/e-comm-team-techsmith-bn/src/routes/","sources":["sampleRoute.js"],"sourcesContent":["import express from 'express';\n\nconst router = express.Router();\n\nrouter.get('/', (req, res) => {\n  res.status(200).json({ message: 'Hello, world!' });\n});\n\nexport default router;\n"],"mappings":";;;;;;;AAAA,IAAAA,QAAA,GAAAC,sBAAA,CAAAC,OAAA;AAEA,IAAMC,MAAM,GAAGC,mBAAO,CAACC,MAAM,EAAE;AAE/BF,MAAM,CAACG,GAAG,CAAC,GAAG,EAAE,UAACC,GAAG,EAAEC,GAAG,EAAK;EAC5BA,GAAG,CAACC,MAAM,CAAC,GAAG,CAAC,CAACC,IAAI,CAAC;IAAEC,OAAO,EAAE;EAAgB,CAAC,CAAC;AACpD,CAAC,CAAC;AAAC,IAAAC,QAAA,GAEYT,MAAM;AAAAU,OAAA,cAAAD,QAAA"},"_coverageSchema":"1a1c01bbd47fc00a2c39e90264f33305004495a9","hash":"775b7faf972ee7d281ffacd04a56bfe8cf30040e","contentHash":"eb77f459683611f31ee44298dcac5018241f82957c2b5927ac17e0c770e96123"},"/home/ykut/Documents/Andela/C28/new2/e-comm-team-techsmith-bn/src/routes/loginRoute.js":{"path":"/home/ykut/Documents/Andela/C28/new2/e-comm-team-techsmith-bn/src/routes/loginRoute.js","statementMap":{"0":{"start":{"line":3,"column":29},"end":{"line":3,"column":84}},"1":{"start":{"line":4,"column":0},"end":{"line":6,"column":3}},"2":{"start":{"line":7,"column":0},"end":{"line":7,"column":28}},"3":{"start":{"line":8,"column":15},"end":{"line":8,"column":57}},"4":{"start":{"line":9,"column":23},"end":{"line":9,"column":90}},"5":{"start":{"line":10,"column":13},"end":{"line":10,"column":41}},"6":{"start":{"line":11,"column":0},"end":{"line":11,"column":46}},"7":{"start":{"line":12,"column":15},"end":{"line":12,"column":21}},"8":{"start":{"line":13,"column":0},"end":{"line":13,"column":30}}},"fnMap":{},"branchMap":{},"s":{"0":1,"1":1,"2":1,"3":1,"4":1,"5":1,"6":1,"7":1,"8":1},"f":{},"b":{},"inputSourceMap":{"version":3,"names":["_express","_interopRequireDefault","require","_loginController","router","express","Router","post","loginController","_default","exports"],"sourceRoot":"/home/ykut/Documents/Andela/C28/new2/e-comm-team-techsmith-bn/src/routes/","sources":["loginRoute.js"],"sourcesContent":["import express from 'express';\nimport loginController from '../controller/loginController.js';\n\nconst router = express.Router();\n\nrouter.post('/', loginController);\n\nexport default router;\n"],"mappings":";;;;;;;AAAA,IAAAA,QAAA,GAAAC,sBAAA,CAAAC,OAAA;AACA,IAAAC,gBAAA,GAAAF,sBAAA,CAAAC,OAAA;AAEA,IAAME,MAAM,GAAGC,mBAAO,CAACC,MAAM,EAAE;AAE/BF,MAAM,CAACG,IAAI,CAAC,GAAG,EAAEC,2BAAe,CAAC;AAAC,IAAAC,QAAA,GAEnBL,MAAM;AAAAM,OAAA,cAAAD,QAAA"},"_coverageSchema":"1a1c01bbd47fc00a2c39e90264f33305004495a9","hash":"ef4d5add6b679107a31a0ac1032f3957776f6616","contentHash":"5a38fa38f90f299b7f56fe77372e72415e10a2bf340417766a32bf4afd29f735"},"/home/ykut/Documents/Andela/C28/new2/e-comm-team-techsmith-bn/src/controller/loginController.js":{"path":"/home/ykut/Documents/Andela/C28/new2/e-comm-team-techsmith-bn/src/controller/loginController.js","statementMap":{"0":{"start":{"line":3,"column":29},"end":{"line":3,"column":84}},"1":{"start":{"line":4,"column":0},"end":{"line":6,"column":3}},"2":{"start":{"line":7,"column":0},"end":{"line":7,"column":28}},"3":{"start":{"line":8,"column":19},"end":{"line":8,"column":80}},"4":{"start":{"line":9,"column":25},"end":{"line":9,"column":99}},"5":{"start":{"line":10,"column":14},"end":{"line":10,"column":55}},"6":{"start":{"line":11,"column":20},"end":{"line":11,"column":67}},"7":{"start":{"line":12,"column":14},"end":{"line":12,"column":55}},"8":{"start":{"line":13,"column":13},"end":{"line":13,"column":78}},"9":{"start":{"line":14,"column":0},"end":{"line":14,"column":28}},"10":{"start":{"line":15,"column":13},"end":{"line":15,"column":36}},"11":{"start":{"line":16,"column":11},"end":{"line":16,"column":33}},"12":{"start":{"line":17,"column":35},"end":{"line":91,"column":3}},"13":{"start":{"line":18,"column":13},"end":{"line":87,"column":5}},"14":{"start":{"line":20,"column":4},"end":{"line":86,"column":33}},"15":{"start":{"line":21,"column":6},"end":{"line":85,"column":7}},"16":{"start":{"line":21,"column":16},"end":{"line":85,"column":7}},"17":{"start":{"line":23,"column":10},"end":{"line":23,"column":87}},"18":{"start":{"line":24,"column":10},"end":{"line":24,"column":28}},"19":{"start":{"line":25,"column":10},"end":{"line":25,"column":55}},"20":{"start":{"line":27,"column":10},"end":{"line":27,"column":41}},"21":{"start":{"line":28,"column":10},"end":{"line":28,"column":28}},"22":{"start":{"line":29,"column":10},"end":{"line":29,"column":28}},"23":{"start":{"line":30,"column":10},"end":{"line":34,"column":13}},"24":{"start":{"line":36,"column":10},"end":{"line":36,"column":35}},"25":{"start":{"line":37,"column":10},"end":{"line":37,"column":41}},"26":{"start":{"line":38,"column":10},"end":{"line":38,"column":38}},"27":{"start":{"line":39,"column":10},"end":{"line":39,"column":32}},"28":{"start":{"line":40,"column":10},"end":{"line":40,"column":29}},"29":{"start":{"line":41,"column":10},"end":{"line":41,"column":73}},"30":{"start":{"line":43,"column":10},"end":{"line":43,"column":40}},"31":{"start":{"line":44,"column":10},"end":{"line":47,"column":11}},"32":{"start":{"line":45,"column":12},"end":{"line":45,"column":31}},"33":{"start":{"line":46,"column":12},"end":{"line":46,"column":18}},"34":{"start":{"line":48,"column":10},"end":{"line":48,"column":37}},"35":{"start":{"line":49,"column":10},"end":{"line":52,"column":11}},"36":{"start":{"line":50,"column":12},"end":{"line":50,"column":31}},"37":{"start":{"line":51,"column":12},"end":{"line":51,"column":18}},"38":{"start":{"line":53,"column":10},"end":{"line":55,"column":12}},"39":{"start":{"line":56,"column":10},"end":{"line":58,"column":13}},"40":{"start":{"line":59,"column":10},"end":{"line":63,"column":13}},"41":{"start":{"line":64,"column":10},"end":{"line":67,"column":14}},"42":{"start":{"line":69,"column":10},"end":{"line":71,"column":14}},"43":{"start":{"line":73,"column":10},"end":{"line":75,"column":14}},"44":{"start":{"line":77,"column":10},"end":{"line":77,"column":29}},"45":{"start":{"line":78,"column":10},"end":{"line":78,"column":45}},"46":{"start":{"line":79,"column":10},"end":{"line":81,"column":14}},"47":{"start":{"line":84,"column":10},"end":{"line":84,"column":33}},"48":{"start":{"line":88,"column":2},"end":{"line":90,"column":4}},"49":{"start":{"line":89,"column":4},"end":{"line":89,"column":39}},"50":{"start":{"line":92,"column":15},"end":{"line":92,"column":30}},"51":{"start":{"line":93,"column":0},"end":{"line":93,"column":30}}},"fnMap":{"0":{"name":"(anonymous_0)","decl":{"start":{"line":17,"column":35},"end":{"line":17,"column":36}},"loc":{"start":{"line":17,"column":47},"end":{"line":91,"column":1}},"line":17},"1":{"name":"_callee","decl":{"start":{"line":18,"column":100},"end":{"line":18,"column":107}},"loc":{"start":{"line":18,"column":118},"end":{"line":87,"column":3}},"line":18},"2":{"name":"_callee$","decl":{"start":{"line":20,"column":49},"end":{"line":20,"column":57}},"loc":{"start":{"line":20,"column":68},"end":{"line":86,"column":5}},"line":20},"3":{"name":"loginController","decl":{"start":{"line":88,"column":18},"end":{"line":88,"column":33}},"loc":{"start":{"line":88,"column":43},"end":{"line":90,"column":3}},"line":88}},"branchMap":{"0":{"loc":{"start":{"line":21,"column":16},"end":{"line":85,"column":7}},"type":"switch","locations":[{"start":{"line":22,"column":8},"end":{"line":25,"column":55}},{"start":{"line":26,"column":8},"end":{"line":34,"column":13}},{"start":{"line":35,"column":8},"end":{"line":41,"column":73}},{"start":{"line":42,"column":8},"end":{"line":67,"column":14}},{"start":{"line":68,"column":8},"end":{"line":71,"column":14}},{"start":{"line":72,"column":8},"end":{"line":75,"column":14}},{"start":{"line":76,"column":8},"end":{"line":81,"column":14}},{"start":{"line":82,"column":8},"end":{"line":82,"column":16}},{"start":{"line":83,"column":8},"end":{"line":84,"column":33}}],"line":21},"1":{"loc":{"start":{"line":44,"column":10},"end":{"line":47,"column":11}},"type":"if","locations":[{"start":{"line":44,"column":10},"end":{"line":47,"column":11}},{"start":{"line":44,"column":10},"end":{"line":47,"column":11}}],"line":44},"2":{"loc":{"start":{"line":49,"column":10},"end":{"line":52,"column":11}},"type":"if","locations":[{"start":{"line":49,"column":10},"end":{"line":52,"column":11}},{"start":{"line":49,"column":10},"end":{"line":52,"column":11}}],"line":49}},"s":{"0":1,"1":1,"2":1,"3":1,"4":1,"5":1,"6":1,"7":1,"8":1,"9":1,"10":1,"11":1,"12":1,"13":1,"14":0,"15":0,"16":0,"17":0,"18":0,"19":0,"20":0,"21":0,"22":0,"23":0,"24":0,"25":0,"26":0,"27":0,"28":0,"29":0,"30":0,"31":0,"32":0,"33":0,"34":0,"35":0,"36":0,"37":0,"38":0,"39":0,"40":0,"41":0,"42":0,"43":0,"44":0,"45":0,"46":0,"47":0,"48":1,"49":0,"50":1,"51":1},"f":{"0":1,"1":0,"2":0,"3":0},"b":{"0":[0,0,0,0,0,0,0,0,0],"1":[0,0],"2":[0,0]},"inputSourceMap":{"version":3,"names":["_bcrypt","_interopRequireDefault","require","_jsonwebtoken","_dotenv","_index","dotenv","config","secret","process","env","USER_SECRET","user","db","loginController","_ref","_asyncToGenerator2","_regenerator","mark","_callee","req","res","_req$body","email","password","hashedPassword","findUser","checkPassword","payload","token","wrap","_callee$","_context","prev","next","body","bcrypt","hash","sent","findOne","where","console","log","compare","id","jwt","sign","expiresIn","cookie","httpOnly","maxAge","path","abrupt","status","json","message","data","t0","stop","_x","_x2","apply","arguments","_default","exports"],"sourceRoot":"/home/ykut/Documents/Andela/C28/new2/e-comm-team-techsmith-bn/src/controller/","sources":["loginController.js"],"sourcesContent":["import bcrypt from 'bcrypt';\nimport jwt from 'jsonwebtoken';\nimport dotenv from 'dotenv';\nimport db from '../../database/models/index.js';\n\ndotenv.config();\nconst { USER_SECRET: secret } = process.env;\n\nconst { user } = db;\n\nconst loginController = async (req, res) => {\n  const { email, password } = req.body;\n\n  const hashedPassword = await bcrypt.hash(password, 10);\n\n  try {\n    const findUser = await user.findOne({ where: { email } });\n    console.log(findUser.password);\n    console.log(hashedPassword);\n    console.log(password);\n    const checkPassword = await bcrypt.compare(\n      password,\n      findUser.password\n    );\n    if (findUser) {\n      console.log(checkPassword);\n      if (checkPassword) {\n        const payload = {\n          id: findUser.email,\n        };\n        const token = jwt.sign(payload, secret, { expiresIn: 604800 });\n        res.cookie('loginToken', token, {\n          httpOnly: true,\n          maxAge: 604800,\n          path: '/',\n        });\n        return res.status(200).json({\n          message: 'Successfull Login!!',\n          data: token,\n        });\n      }\n\n      return res.status(401).json({\n        message: 'Wrong Credentials!!',\n      });\n    }\n\n    return res.status(401).json({\n      message: 'Wrong Credentials!! email',\n    });\n  } catch (error) {\n    return res.status(500).json({\n      message: error.message,\n    });\n  }\n};\n\nexport default loginController;\n"],"mappings":";;;;;;;;;AAAA,IAAAA,OAAA,GAAAC,sBAAA,CAAAC,OAAA;AACA,IAAAC,aAAA,GAAAF,sBAAA,CAAAC,OAAA;AACA,IAAAE,OAAA,GAAAH,sBAAA,CAAAC,OAAA;AACA,IAAAG,MAAA,GAAAJ,sBAAA,CAAAC,OAAA;AAEAI,kBAAM,CAACC,MAAM,EAAE;AACf,IAAqBC,MAAM,GAAKC,OAAO,CAACC,GAAG,CAAnCC,WAAW;AAEnB,IAAQC,IAAI,GAAKC,iBAAE,CAAXD,IAAI;AAEZ,IAAME,eAAe;EAAA,IAAAC,IAAA,OAAAC,kBAAA,2BAAAC,YAAA,YAAAC,IAAA,CAAG,SAAAC,QAAOC,GAAG,EAAEC,GAAG;IAAA,IAAAC,SAAA,EAAAC,KAAA,EAAAC,QAAA,EAAAC,cAAA,EAAAC,QAAA,EAAAC,aAAA,EAAAC,OAAA,EAAAC,KAAA;IAAA,OAAAZ,YAAA,YAAAa,IAAA,UAAAC,SAAAC,QAAA;MAAA,kBAAAA,QAAA,CAAAC,IAAA,GAAAD,QAAA,CAAAE,IAAA;QAAA;UAAAZ,SAAA,GACTF,GAAG,CAACe,IAAI,EAA5BZ,KAAK,GAAAD,SAAA,CAALC,KAAK,EAAEC,QAAQ,GAAAF,SAAA,CAARE,QAAQ;UAAAQ,QAAA,CAAAE,IAAA;UAAA,OAEME,kBAAM,CAACC,IAAI,CAACb,QAAQ,EAAE,EAAE,CAAC;QAAA;UAAhDC,cAAc,GAAAO,QAAA,CAAAM,IAAA;UAAAN,QAAA,CAAAC,IAAA;UAAAD,QAAA,CAAAE,IAAA;UAAA,OAGKtB,IAAI,CAAC2B,OAAO,CAAC;YAAEC,KAAK,EAAE;cAAEjB,KAAK,EAALA;YAAM;UAAE,CAAC,CAAC;QAAA;UAAnDG,QAAQ,GAAAM,QAAA,CAAAM,IAAA;UACdG,OAAO,CAACC,GAAG,CAAChB,QAAQ,CAACF,QAAQ,CAAC;UAC9BiB,OAAO,CAACC,GAAG,CAACjB,cAAc,CAAC;UAC3BgB,OAAO,CAACC,GAAG,CAAClB,QAAQ,CAAC;UAACQ,QAAA,CAAAE,IAAA;UAAA,OACME,kBAAM,CAACO,OAAO,CACxCnB,QAAQ,EACRE,QAAQ,CAACF,QAAQ,CAClB;QAAA;UAHKG,aAAa,GAAAK,QAAA,CAAAM,IAAA;UAAA,KAIfZ,QAAQ;YAAAM,QAAA,CAAAE,IAAA;YAAA;UAAA;UACVO,OAAO,CAACC,GAAG,CAACf,aAAa,CAAC;UAAC,KACvBA,aAAa;YAAAK,QAAA,CAAAE,IAAA;YAAA;UAAA;UACTN,OAAO,GAAG;YACdgB,EAAE,EAAElB,QAAQ,CAACH;UACf,CAAC;UACKM,KAAK,GAAGgB,wBAAG,CAACC,IAAI,CAAClB,OAAO,EAAEpB,MAAM,EAAE;YAAEuC,SAAS,EAAE;UAAO,CAAC,CAAC;UAC9D1B,GAAG,CAAC2B,MAAM,CAAC,YAAY,EAAEnB,KAAK,EAAE;YAC9BoB,QAAQ,EAAE,IAAI;YACdC,MAAM,EAAE,MAAM;YACdC,IAAI,EAAE;UACR,CAAC,CAAC;UAAC,OAAAnB,QAAA,CAAAoB,MAAA,WACI/B,GAAG,CAACgC,MAAM,CAAC,GAAG,CAAC,CAACC,IAAI,CAAC;YAC1BC,OAAO,EAAE,qBAAqB;YAC9BC,IAAI,EAAE3B;UACR,CAAC,CAAC;QAAA;UAAA,OAAAG,QAAA,CAAAoB,MAAA,WAGG/B,GAAG,CAACgC,MAAM,CAAC,GAAG,CAAC,CAACC,IAAI,CAAC;YAC1BC,OAAO,EAAE;UACX,CAAC,CAAC;QAAA;UAAA,OAAAvB,QAAA,CAAAoB,MAAA,WAGG/B,GAAG,CAACgC,MAAM,CAAC,GAAG,CAAC,CAACC,IAAI,CAAC;YAC1BC,OAAO,EAAE;UACX,CAAC,CAAC;QAAA;UAAAvB,QAAA,CAAAC,IAAA;UAAAD,QAAA,CAAAyB,EAAA,GAAAzB,QAAA;UAAA,OAAAA,QAAA,CAAAoB,MAAA,WAEK/B,GAAG,CAACgC,MAAM,CAAC,GAAG,CAAC,CAACC,IAAI,CAAC;YAC1BC,OAAO,EAAEvB,QAAA,CAAAyB,EAAA,CAAMF;UACjB,CAAC,CAAC;QAAA;QAAA;UAAA,OAAAvB,QAAA,CAAA0B,IAAA;MAAA;IAAA,GAAAvC,OAAA;EAAA,CAEL;EAAA,gBA7CKL,eAAeA,CAAA6C,EAAA,EAAAC,GAAA;IAAA,OAAA7C,IAAA,CAAA8C,KAAA,OAAAC,SAAA;EAAA;AAAA,GA6CpB;AAAC,IAAAC,QAAA,GAEajD,eAAe;AAAAkD,OAAA,cAAAD,QAAA"},"_coverageSchema":"1a1c01bbd47fc00a2c39e90264f33305004495a9","hash":"8c6c5d743aff1b168a3705b0481aa814fd95d365","contentHash":"f30519151fd46f58f6a03304379c567276bea7dcf7c7d854c1ddaff28eeb8521"},"/home/ykut/Documents/Andela/C28/new2/e-comm-team-techsmith-bn/src/utils/random.js":{"path":"/home/ykut/Documents/Andela/C28/new2/e-comm-team-techsmith-bn/src/utils/random.js","statementMap":{"0":{"start":{"line":3,"column":0},"end":{"line":5,"column":3}},"1":{"start":{"line":6,"column":0},"end":{"line":6,"column":28}},"2":{"start":{"line":7,"column":13},"end":{"line":17,"column":1}},"3":{"start":{"line":8,"column":15},"end":{"line":8,"column":17}},"4":{"start":{"line":9,"column":19},"end":{"line":9,"column":47}},"5":{"start":{"line":10,"column":25},"end":{"line":10,"column":42}},"6":{"start":{"line":11,"column":16},"end":{"line":11,"column":17}},"7":{"start":{"line":12,"column":2},"end":{"line":15,"column":3}},"8":{"start":{"line":13,"column":4},"end":{"line":13,"column":78}},"9":{"start":{"line":14,"column":4},"end":{"line":14,"column":17}},"10":{"start":{"line":16,"column":2},"end":{"line":16,"column":16}},"11":{"start":{"line":18,"column":15},"end":{"line":18,"column":21}},"12":{"start":{"line":19,"column":0},"end":{"line":19,"column":30}}},"fnMap":{"0":{"name":"makeid","decl":{"start":{"line":7,"column":22},"end":{"line":7,"column":28}},"loc":{"start":{"line":7,"column":37},"end":{"line":17,"column":1}},"line":7}},"branchMap":{},"s":{"0":1,"1":1,"2":1,"3":2,"4":2,"5":2,"6":2,"7":2,"8":15,"9":15,"10":2,"11":1,"12":1},"f":{"0":2},"b":{},"inputSourceMap":{"version":3,"names":["makeid","length","result","characters","charactersLength","counter","charAt","Math","floor","random","_default","exports"],"sourceRoot":"/home/ykut/Documents/Andela/C28/new2/e-comm-team-techsmith-bn/src/utils/","sources":["random.js"],"sourcesContent":["const makeid = (length) => {\n  let result = '';\n  const characters = 'abcdefghijklmnopqrstuvwxyz';\n  const charactersLength = characters.length;\n  let counter = 0;\n  while (counter < length) {\n    result += characters.charAt(Math.floor(Math.random() * charactersLength));\n    counter += 1;\n  }\n  return result;\n};\n\nexport default makeid;\n"],"mappings":";;;;;;AAAA,IAAMA,MAAM,GAAG,SAATA,MAAMA,CAAIC,MAAM,EAAK;EACzB,IAAIC,MAAM,GAAG,EAAE;EACf,IAAMC,UAAU,GAAG,4BAA4B;EAC/C,IAAMC,gBAAgB,GAAGD,UAAU,CAACF,MAAM;EAC1C,IAAII,OAAO,GAAG,CAAC;EACf,OAAOA,OAAO,GAAGJ,MAAM,EAAE;IACvBC,MAAM,IAAIC,UAAU,CAACG,MAAM,CAACC,IAAI,CAACC,KAAK,CAACD,IAAI,CAACE,MAAM,EAAE,GAAGL,gBAAgB,CAAC,CAAC;IACzEC,OAAO,IAAI,CAAC;EACd;EACA,OAAOH,MAAM;AACf,CAAC;AAAC,IAAAQ,QAAA,GAEaV,MAAM;AAAAW,OAAA,cAAAD,QAAA"},"_coverageSchema":"1a1c01bbd47fc00a2c39e90264f33305004495a9","hash":"673904111ad468cc92bf1a639fb1a9b1788289b8","contentHash":"c392d16f4d1bf19eb284a11064cab8ccc881f98f512ef0e3c69f492d5e5b13e8"}}