TN:
SF:database/config/config.js
FNF:0
FNH:0
DA:1,1
DA:2,1
DA:4,1
DA:5,1
LF:4
LH:4
BRF:0
BRH:0
end_of_record
TN:
SF:database/models/cart.js
FN:1,_createSuper
FN:6,(anonymous_4)
FN:7,(anonymous_5)
FN:9,associate
FNF:4
FNH:4
FNDA:2,_createSuper
FNDA:1,(anonymous_4)
FNDA:1,(anonymous_5)
FNDA:1,associate
DA:1,12
DA:3,1
DA:4,1
DA:5,1
DA:6,1
DA:7,2
DA:11,1
DA:13,1
DA:44,1
LF:9
LH:9
BRDA:1,0,0,2
BRDA:1,0,1,3
BRF:2
BRH:2
end_of_record
TN:
SF:database/models/category.js
FN:1,_createSuper
FN:5,(anonymous_4)
FN:6,(anonymous_5)
FN:8,associate
FNF:4
FNH:4
FNDA:2,_createSuper
FNDA:1,(anonymous_4)
FNDA:1,(anonymous_5)
FNDA:1,associate
DA:1,12
DA:3,1
DA:4,1
DA:5,1
DA:6,2
DA:10,1
DA:12,1
DA:38,1
LF:8
LH:8
BRDA:1,0,0,2
BRDA:1,0,1,3
BRF:2
BRH:2
end_of_record
TN:
SF:database/models/index.js
FN:22,(anonymous_0)
FN:30,(anonymous_1)
FN:35,(anonymous_2)
FNF:3
FNH:3
FNDA:8,(anonymous_0)
FNDA:7,(anonymous_1)
FNDA:7,(anonymous_2)
DA:3,1
DA:4,1
DA:5,1
DA:6,1
DA:7,1
DA:8,1
DA:9,1
DA:10,1
DA:12,1
DA:20,1
DA:23,8
DA:31,7
DA:32,7
DA:35,1
DA:36,7
DA:37,7
DA:41,1
DA:42,1
DA:44,1
LF:19
LH:19
BRDA:8,0,0,1
BRDA:8,0,1,0
BRDA:13,1,0,1
BRDA:13,1,1,0
BRDA:24,2,0,8
BRDA:24,2,1,8
BRDA:24,2,2,7
BRDA:24,2,3,7
BRDA:36,3,0,7
BRDA:36,3,1,0
BRF:10
BRH:7
end_of_record
TN:
SF:database/models/order.js
FN:1,_createSuper
FN:5,(anonymous_4)
FN:6,(anonymous_5)
FN:8,associate
FNF:4
FNH:4
FNDA:2,_createSuper
FNDA:1,(anonymous_4)
FNDA:1,(anonymous_5)
FNDA:1,associate
DA:1,12
DA:3,1
DA:4,1
DA:5,1
DA:6,2
DA:10,1
DA:12,1
DA:58,1
LF:8
LH:8
BRDA:1,0,0,2
BRDA:1,0,1,3
BRF:2
BRH:2
end_of_record
TN:
SF:database/models/payment.js
FN:1,_createSuper
FN:5,(anonymous_4)
FN:6,(anonymous_5)
FN:8,associate
FNF:4
FNH:4
FNDA:2,_createSuper
FNDA:1,(anonymous_4)
FNDA:1,(anonymous_5)
FNDA:1,associate
DA:1,12
DA:3,1
DA:4,1
DA:5,1
DA:6,2
DA:10,1
DA:12,1
DA:38,1
LF:8
LH:8
BRDA:1,0,0,2
BRDA:1,0,1,3
BRF:2
BRH:2
end_of_record
TN:
SF:database/models/product.js
FN:1,_createSuper
FN:5,(anonymous_4)
FN:6,(anonymous_5)
FN:8,associate
FNF:4
FNH:4
FNDA:2,_createSuper
FNDA:1,(anonymous_4)
FNDA:1,(anonymous_5)
FNDA:1,associate
DA:1,12
DA:3,1
DA:4,1
DA:5,1
DA:6,2
DA:10,1
DA:12,1
DA:58,1
LF:8
LH:8
BRDA:1,0,0,2
BRDA:1,0,1,3
BRF:2
BRH:2
end_of_record
TN:
SF:database/models/role.js
FN:1,_createSuper
FN:5,(anonymous_4)
FN:6,(anonymous_5)
FN:7,associate
FNF:4
FNH:4
FNDA:2,_createSuper
FNDA:1,(anonymous_4)
FNDA:1,(anonymous_5)
FNDA:1,associate
DA:1,12
DA:3,1
DA:4,1
DA:5,1
DA:6,2
DA:9,1
DA:11,1
DA:32,1
LF:8
LH:8
BRDA:1,0,0,2
BRDA:1,0,1,3
BRF:2
BRH:2
end_of_record
TN:
SF:database/models/user.js
FN:1,_createSuper
FN:3,(anonymous_4)
FN:4,(anonymous_5)
FN:6,associate
FNF:4
FNH:4
FNDA:3,_createSuper
FNDA:1,(anonymous_4)
FNDA:2,(anonymous_5)
FNDA:1,associate
DA:1,17
DA:2,1
DA:3,1
DA:4,4
DA:8,1
DA:10,1
DA:57,1
LF:7
LH:7
BRDA:1,0,0,3
BRDA:1,0,1,3
BRF:2
BRH:2
end_of_record
TN:
SF:src/server.js
FN:20,(anonymous_0)
FN:20,_callee
FN:20,dbCon
FN:30,(anonymous_4)
FNF:4
FNH:4
FNDA:1,(anonymous_0)
FNDA:3,_callee
FNDA:1,dbCon
FNDA:1,(anonymous_4)
DA:2,1
DA:3,1
DA:4,1
DA:5,1
DA:6,1
DA:7,1
DA:9,1
DA:11,1
DA:13,1
DA:14,1
DA:15,1
DA:16,1
DA:18,1
DA:20,6
DA:23,2
DA:25,1
DA:27,1
DA:29,1
DA:30,1
DA:32,1
DA:33,1
DA:37,0
DA:40,1
LF:23
LH:22
BRDA:20,0,0,1
BRDA:20,0,1,1
BRDA:20,0,2,0
BRDA:20,0,3,1
BRDA:20,0,4,1
BRF:5
BRH:4
end_of_record
TN:
SF:src/controller/loginController.js
FN:11,(anonymous_0)
FN:11,_callee
FN:11,_callee$
FN:11,loginController
FNF:4
FNH:1
FNDA:1,(anonymous_0)
FNDA:0,_callee
FNDA:0,_callee$
FNDA:0,loginController
DA:1,1
DA:2,1
DA:3,1
DA:4,1
DA:6,1
DA:7,1
DA:9,1
DA:11,1
DA:12,0
DA:14,0
DA:17,0
DA:18,0
DA:19,0
DA:20,0
DA:21,0
DA:22,0
DA:23,0
DA:24,0
DA:25,0
DA:28,0
DA:29,0
DA:33,0
DA:37,0
DA:42,0
DA:47,0
DA:51,0
DA:53,1
DA:55,1
LF:28
LH:10
BRDA:11,0,0,0
BRDA:11,0,1,0
BRDA:11,0,2,0
BRDA:11,0,3,0
BRDA:11,0,4,0
BRDA:11,0,5,0
BRDA:11,0,6,0
BRDA:11,0,7,0
BRDA:11,0,8,0
BRDA:21,1,0,0
BRDA:21,1,1,0
BRDA:23,2,0,0
BRDA:23,2,1,0
BRF:13
BRH:0
end_of_record
TN:
SF:src/controller/resetPassword.js
FN:19,sendResetEmail
FN:19,_sendResetEmail
FN:19,_callee
FN:19,_callee$
FN:36,verifyResetToken
FN:37,(anonymous_5)
FN:39,(anonymous_6)
FN:49,resetPassword
FN:49,_resetPassword
FN:49,_callee2
FN:49,_callee2$
FN:57,requestReset
FN:57,_requestReset
FN:57,_callee3
FN:57,_callee3$
FN:74,processReset
FN:74,_processReset
FN:74,_callee4
FN:74,_callee4$
FNF:19
FNH:7
FNDA:0,sendResetEmail
FNDA:0,_sendResetEmail
FNDA:0,_callee
FNDA:0,_callee$
FNDA:1,verifyResetToken
FNDA:1,(anonymous_5)
FNDA:1,(anonymous_6)
FNDA:0,resetPassword
FNDA:0,_resetPassword
FNDA:0,_callee2
FNDA:0,_callee2$
FNDA:0,requestReset
FNDA:0,_requestReset
FNDA:0,_callee3
FNDA:0,_callee3$
FNDA:1,processReset
FNDA:1,_processReset
FNDA:1,_callee4
FNDA:3,_callee4$
DA:1,1
DA:2,1
DA:3,1
DA:4,1
DA:6,1
DA:8,1
DA:11,1
DA:19,0
DA:20,0
DA:24,0
DA:25,0
DA:33,0
DA:34,0
DA:35,0
DA:37,1
DA:38,1
DA:39,1
DA:40,1
DA:41,1
DA:43,0
DA:49,0
DA:50,0
DA:51,0
DA:55,0
DA:56,0
DA:57,0
DA:58,0
DA:59,0
DA:60,0
DA:66,0
DA:69,0
DA:70,0
DA:71,0
DA:72,0
DA:73,0
DA:74,7
DA:75,1
DA:76,2
DA:78,0
DA:79,0
DA:80,0
DA:84,0
DA:87,0
DA:91,2
DA:96,1
DA:98,1
LF:46
LH:18
BRDA:19,0,0,0
BRDA:19,0,1,0
BRDA:19,0,2,0
BRDA:40,1,0,1
BRDA:40,1,1,0
BRDA:49,2,0,0
BRDA:49,2,1,0
BRDA:49,2,2,0
BRDA:49,2,3,0
BRDA:49,2,4,0
BRDA:57,3,0,0
BRDA:57,3,1,0
BRDA:57,3,2,0
BRDA:57,3,3,0
BRDA:57,3,4,0
BRDA:57,3,5,0
BRDA:57,3,6,0
BRDA:59,4,0,0
BRDA:59,4,1,0
BRDA:74,5,0,1
BRDA:74,5,1,0
BRDA:74,5,2,0
BRDA:74,5,3,0
BRDA:74,5,4,0
BRDA:74,5,5,1
BRDA:74,5,6,0
BRDA:74,5,7,1
BRDA:79,6,0,0
BRDA:79,6,1,0
BRF:29
BRH:4
end_of_record
TN:
SF:src/controller/signupController.js
FN:14,(anonymous_0)
FN:14,_callee
FN:14,_callee$
FN:14,registerUser
FNF:4
FNH:4
FNDA:1,(anonymous_0)
FNDA:2,_callee
FNDA:8,_callee$
FNDA:2,registerUser
DA:1,1
DA:2,1
DA:3,1
DA:4,1
DA:5,1
DA:7,1
DA:9,1
DA:11,1
DA:14,20
DA:16,2
DA:20,2
DA:21,2
DA:23,2
DA:24,2
DA:31,1
DA:33,1
DA:35,1
DA:36,1
DA:37,2
DA:38,0
DA:46,0
DA:48,0
DA:49,0
DA:51,0
DA:52,0
DA:57,1
DA:61,1
DA:64,0
DA:67,0
DA:70,0
DA:76,2
DA:78,1
DA:80,1
LF:33
LH:24
BRDA:14,0,0,2
BRDA:14,0,1,2
BRDA:14,0,2,2
BRDA:14,0,3,1
BRDA:14,0,4,0
BRDA:14,0,5,0
BRDA:14,0,6,1
BRDA:14,0,7,0
BRDA:14,0,8,0
BRDA:14,0,9,0
BRDA:14,0,10,0
BRDA:14,0,11,2
BRDA:23,1,0,1
BRDA:23,1,1,1
BRDA:36,2,0,1
BRDA:36,2,1,0
BRDA:37,3,0,1
BRDA:37,3,1,0
BRDA:57,4,0,0
BRDA:57,4,1,1
BRDA:64,5,0,0
BRDA:64,5,1,0
BRF:22
BRH:11
end_of_record
TN:
SF:src/docs/components.js
FNF:0
FNH:0
DA:1,1
DA:176,1
LF:2
LH:2
BRF:0
BRH:0
end_of_record
TN:
SF:src/docs/index.js
FNF:0
FNH:0
DA:1,1
DA:2,1
DA:3,1
DA:4,1
DA:6,1
DA:27,1
LF:6
LH:6
BRF:0
BRH:0
end_of_record
TN:
SF:src/docs/paths.js
FNF:0
FNH:0
DA:1,1
DA:2,1
DA:3,1
DA:5,1
DA:20,1
LF:5
LH:5
BRF:0
BRH:0
end_of_record
TN:
SF:src/docs/resetPassword.js
FNF:0
FNH:0
DA:1,1
DA:77,1
DA:164,1
LF:3
LH:3
BRF:0
BRH:0
end_of_record
TN:
SF:src/docs/servers.js
FNF:0
FNH:0
DA:1,1
DA:3,1
DA:5,1
DA:6,1
DA:17,1
LF:5
LH:5
BRF:0
BRH:0
end_of_record
TN:
SF:src/docs/tags.js
FNF:0
FNH:0
DA:1,1
DA:13,1
LF:2
LH:2
BRF:0
BRH:0
end_of_record
TN:
SF:src/docs/Product/getProducts.js
FNF:0
FNH:0
DA:1,1
DA:39,1
LF:2
LH:2
BRF:0
BRH:0
end_of_record
TN:
SF:src/docs/User/userSignup.js
FNF:0
FNH:0
DA:1,1
DA:71,1
LF:2
LH:2
BRF:0
BRH:0
end_of_record
TN:
SF:src/routes/allRoutes.js
FNF:0
FNH:0
DA:1,1
DA:2,1
DA:3,1
DA:4,1
DA:5,1
DA:6,1
DA:9,1
DA:12,1
DA:13,1
DA:14,1
DA:15,1
DA:16,1
DA:18,1
LF:13
LH:13
BRF:0
BRH:0
end_of_record
TN:
SF:src/routes/loginRoute.js
FNF:0
FNH:0
DA:1,1
DA:2,1
DA:4,1
DA:6,1
DA:8,1
LF:5
LH:5
BRF:0
BRH:0
end_of_record
TN:
SF:src/routes/resetPasswordRoute.js
FNF:0
FNH:0
DA:1,1
DA:2,1
DA:4,1
DA:6,1
DA:8,1
DA:10,1
LF:6
LH:6
BRF:0
BRH:0
end_of_record
TN:
SF:src/routes/sampleRoute.js
FN:5,(anonymous_0)
FNF:1
FNH:1
FNDA:1,(anonymous_0)
DA:1,1
DA:3,1
DA:5,1
DA:6,1
DA:9,1
LF:5
LH:5
BRF:0
BRH:0
end_of_record
TN:
SF:src/routes/swaggerRoute.js
FNF:0
FNH:0
DA:1,1
DA:2,1
DA:3,1
DA:4,1
DA:8,1
DA:12,1
DA:14,1
LF:7
LH:7
BRF:0
BRH:0
end_of_record
TN:
SF:src/routes/userRoute.js
FNF:0
FNH:0
DA:1,1
DA:2,1
DA:4,1
DA:7,1
DA:9,1
LF:5
LH:5
BRF:0
BRH:0
end_of_record
TN:
SF:src/utils/emails.js
FN:9,messageTemplate
FN:21,(anonymous_1)
FN:21,_callee
FN:21,_callee$
FN:21,sendEmail
FNF:5
FNH:1
FNDA:0,messageTemplate
FNDA:1,(anonymous_1)
FNDA:0,_callee
FNDA:0,_callee$
FNDA:0,sendEmail
DA:1,1
DA:2,1
DA:5,1
DA:7,1
DA:9,1
DA:21,1
DA:23,0
DA:29,0
DA:33,0
DA:37,0
DA:39,1
DA:41,1
DA:43,1
LF:13
LH:9
BRDA:21,0,0,0
BRDA:21,0,1,0
BRDA:21,0,2,0
BRDA:21,0,3,0
BRDA:21,0,4,0
BRF:5
BRH:0
end_of_record
TN:
SF:src/utils/random.js
FN:1,makeid
FNF:1
FNH:1
FNDA:2,makeid
DA:1,1
DA:2,2
DA:3,2
DA:4,2
DA:5,2
DA:6,2
DA:7,15
DA:8,15
DA:10,2
DA:13,1
LF:10
LH:10
BRF:0
BRH:0
end_of_record
TN:
SF:src/utils/userValidation.js
FN:2,validateEmail
FN:13,validatePassword
FNF:2
FNH:2
FNDA:1,validateEmail
FNDA:1,validatePassword
DA:2,1
DA:5,1
DA:7,1
DA:9,1
DA:12,1
DA:13,1
DA:14,1
DA:16,1
DA:17,1
DA:19,1
DA:21,1
DA:22,1
LF:12
LH:12
BRF:0
BRH:0
end_of_record
