TN:
SF:database/config/config.js
FNF:0
FNH:0
DA:1,1
DA:2,1
DA:4,1
DA:5,1
LF:4
LH:4
BRF:0
BRH:0
end_of_record
TN:
SF:database/models/index.js
FN:24,(anonymous_0)
FN:32,(anonymous_1)
FN:37,(anonymous_2)
FNF:3
FNH:3
FNDA:2,(anonymous_0)
FNDA:1,(anonymous_1)
FNDA:1,(anonymous_2)
DA:3,1
DA:4,1
DA:5,1
DA:6,1
DA:7,1
DA:8,1
DA:9,1
DA:10,1
DA:12,1
DA:22,1
DA:25,2
DA:33,1
DA:34,1
DA:37,1
DA:38,1
DA:39,1
DA:43,1
DA:44,1
DA:46,1
LF:19
LH:19
BRDA:8,0,0,1
BRDA:8,0,1,1
BRDA:26,1,0,2
BRDA:26,1,1,2
BRDA:26,1,2,1
BRDA:26,1,3,1
BRDA:38,2,0,1
BRDA:38,2,1,0
BRF:8
BRH:7
end_of_record
TN:
SF:database/models/user.js
FN:1,_createSuper
FN:5,(anonymous_4)
FN:6,(anonymous_5)
FN:12,associate
FNF:4
FNH:4
FNDA:2,_createSuper
FNDA:1,(anonymous_4)
FNDA:1,(anonymous_5)
FNDA:1,associate
DA:1,12
DA:3,1
DA:4,1
DA:5,1
DA:6,2
DA:14,1
DA:16,1
DA:44,1
LF:8
LH:8
BRDA:1,0,0,2
BRDA:1,0,1,3
BRF:2
BRH:2
end_of_record
TN:
SF:src/server.js
FN:20,(anonymous_0)
FN:20,_callee
FN:20,dbCon
FN:30,(anonymous_4)
FNF:4
FNH:4
FNDA:1,(anonymous_0)
FNDA:2,_callee
FNDA:1,dbCon
FNDA:1,(anonymous_4)
DA:2,1
DA:3,1
DA:4,1
DA:5,1
DA:6,1
DA:7,1
DA:9,1
DA:11,1
DA:13,1
DA:14,1
DA:15,1
DA:16,1
DA:18,1
DA:20,3
DA:23,0
DA:25,0
DA:27,1
DA:29,1
DA:30,1
DA:32,1
DA:33,1
DA:37,0
DA:40,1
LF:23
LH:20
BRDA:20,0,0,1
BRDA:20,0,1,0
BRDA:20,0,2,0
BRDA:20,0,3,0
BRDA:20,0,4,0
BRF:5
BRH:1
end_of_record
TN:
SF:src/controller/resetPassword.js
FN:19,sendResetEmail
FN:19,_sendResetEmail
FN:19,_callee
FN:19,_callee$
FN:35,verifyResetToken
FN:36,(anonymous_5)
FN:37,(anonymous_6)
FN:47,resetPassword
FN:47,_resetPassword
FN:47,_callee2
FN:47,_callee2$
FN:57,requestReset
FN:57,_requestReset
FN:57,_callee3
FN:57,_callee3$
FN:75,processReset
FN:75,_processReset
FN:75,_callee4
FN:75,_callee4$
FNF:19
FNH:7
FNDA:0,sendResetEmail
FNDA:0,_sendResetEmail
FNDA:0,_callee
FNDA:0,_callee$
FNDA:1,verifyResetToken
FNDA:1,(anonymous_5)
FNDA:1,(anonymous_6)
FNDA:0,resetPassword
FNDA:0,_resetPassword
FNDA:0,_callee2
FNDA:0,_callee2$
FNDA:0,requestReset
FNDA:0,_requestReset
FNDA:0,_callee3
FNDA:0,_callee3$
FNDA:1,processReset
FNDA:1,_processReset
FNDA:1,_callee4
FNDA:3,_callee4$
DA:1,1
DA:2,1
DA:3,1
DA:4,1
DA:6,1
DA:8,1
DA:11,1
DA:19,0
DA:20,0
DA:23,0
DA:24,0
DA:32,0
DA:33,0
DA:34,0
DA:36,1
DA:37,1
DA:38,1
DA:39,1
DA:41,0
DA:42,0
DA:47,0
DA:48,0
DA:49,0
DA:55,0
DA:56,0
DA:57,0
DA:58,0
DA:59,0
DA:60,0
DA:66,0
DA:69,0
DA:70,0
DA:71,0
DA:72,0
DA:73,0
DA:74,0
DA:75,7
DA:76,1
DA:77,2
DA:79,0
DA:80,0
DA:81,0
DA:85,0
DA:88,0
DA:95,0
DA:97,0
DA:101,2
DA:107,1
DA:109,1
LF:49
LH:17
BRDA:19,0,0,0
BRDA:19,0,1,0
BRDA:19,0,2,0
BRDA:38,1,0,1
BRDA:38,1,1,0
BRDA:47,2,0,0
BRDA:47,2,1,0
BRDA:47,2,2,0
BRDA:47,2,3,0
BRDA:47,2,4,0
BRDA:57,3,0,0
BRDA:57,3,1,0
BRDA:57,3,2,0
BRDA:57,3,3,0
BRDA:57,3,4,0
BRDA:57,3,5,0
BRDA:57,3,6,0
BRDA:59,4,0,0
BRDA:59,4,1,0
BRDA:75,5,0,1
BRDA:75,5,1,0
BRDA:75,5,2,0
BRDA:75,5,3,0
BRDA:75,5,4,0
BRDA:75,5,5,0
BRDA:75,5,6,1
BRDA:75,5,7,0
BRDA:75,5,8,1
BRDA:80,6,0,0
BRDA:80,6,1,0
BRDA:85,7,0,0
BRDA:85,7,1,0
BRF:32
BRH:4
end_of_record
TN:
SF:src/controller/userController.js
FN:4,(anonymous_0)
FN:5,(anonymous_2)
FN:6,_callee
FN:6,_callee$
FN:13,getUsers
FNF:5
FNH:5
FNDA:1,(anonymous_0)
FNDA:1,(anonymous_2)
FNDA:1,_callee
FNDA:1,_callee$
FNDA:1,getUsers
DA:1,1
DA:3,1
DA:4,2
DA:5,1
DA:6,3
DA:8,0
DA:9,0
DA:11,0
DA:13,3
DA:15,1
LF:10
LH:7
BRDA:6,0,0,1
BRDA:6,0,1,0
BRDA:6,0,2,0
BRDA:6,0,3,0
BRDA:6,0,4,0
BRF:5
BRH:1
end_of_record
TN:
SF:src/docs/components.js
FNF:0
FNH:0
DA:1,1
DA:63,1
LF:2
LH:2
BRF:0
BRH:0
end_of_record
TN:
SF:src/docs/index.js
FNF:0
FNH:0
DA:1,1
DA:2,1
DA:3,1
DA:4,1
DA:6,1
DA:27,1
LF:6
LH:6
BRF:0
BRH:0
end_of_record
TN:
SF:src/docs/paths.js
FNF:0
FNH:0
DA:1,1
DA:2,1
DA:4,1
DA:18,1
LF:4
LH:4
BRF:0
BRH:0
end_of_record
TN:
SF:src/docs/resetPassword.js
FNF:0
FNH:0
DA:1,1
DA:76,1
DA:163,1
LF:3
LH:3
BRF:0
BRH:0
end_of_record
TN:
SF:src/docs/servers.js
FNF:0
FNH:0
DA:1,1
DA:14,1
LF:2
LH:2
BRF:0
BRH:0
end_of_record
TN:
SF:src/docs/tags.js
FNF:0
FNH:0
DA:1,1
DA:15,1
LF:2
LH:2
BRF:0
BRH:0
end_of_record
TN:
SF:src/docs/Product/getProducts.js
FNF:0
FNH:0
DA:1,1
DA:50,1
LF:2
LH:2
BRF:0
BRH:0
end_of_record
TN:
SF:src/routes/allRoutes.js
FNF:0
FNH:0
DA:1,1
DA:2,1
DA:3,1
DA:4,1
DA:7,1
DA:10,1
DA:11,1
DA:12,1
DA:14,1
LF:9
LH:9
BRF:0
BRH:0
end_of_record
TN:
SF:src/routes/resetPasswordRoute.js
FNF:0
FNH:0
DA:1,1
DA:2,1
DA:4,1
DA:6,1
DA:8,1
DA:10,1
LF:6
LH:6
BRF:0
BRH:0
end_of_record
TN:
SF:src/routes/swaggerRoute.js
FNF:0
FNH:0
DA:1,1
DA:2,1
DA:3,1
DA:4,1
DA:8,1
DA:12,1
DA:14,1
LF:7
LH:7
BRF:0
BRH:0
end_of_record
TN:
SF:src/routes/userRoute.js
FNF:0
FNH:0
DA:1,1
DA:2,1
DA:4,1
DA:5,1
DA:7,1
LF:5
LH:5
BRF:0
BRH:0
end_of_record
